[ 2014-03-18T13:44:07+08:00 ] 192.168.1.109 /collegepy/index.php
INFO: [ app_init ] --START--
INFO: Run Behavior\BuildLiteBehavior [ RunTime:0.000063s ]
INFO: [ app_init ] --END-- [ RunTime:0.042711s ]
INFO: [ app_begin ] --START--
INFO: Run Behavior\ReadHtmlCacheBehavior [ RunTime:0.026391s ]
INFO: [ app_begin ] --END-- [ RunTime:0.026695s ]
INFO: [ view_parse ] --START--
INFO: [ template_filter ] --START--
INFO: Run Behavior\ContentReplaceBehavior [ RunTime:0.000053s ]
INFO: [ template_filter ] --END-- [ RunTime:0.000167s ]
NOTIC: [8] Undefined variable: aListJson D:\Application\wamp\www\collegepy\Application\Runtime\Cache\Home\2a94b8bda04ff446dcedd42276fc99ee.php 第 6 行.
INFO: Run Behavior\ParseTemplateBehavior [ RunTime:0.212462s ]
INFO: [ view_parse ] --END-- [ RunTime:0.212638s ]
INFO: [ view_filter ] --START--
INFO: Run Behavior\WriteHtmlCacheBehavior [ RunTime:0.013309s ]
INFO: [ view_filter ] --END-- [ RunTime:0.013433s ]
INFO: [ app_end ] --START--
INFO: Run Behavior\ShowPageTraceBehavior [ RunTime:0.023996s ]
INFO: [ app_end ] --END-- [ RunTime:0.024123s ]

[ 2014-03-18T13:49:24+08:00 ] 192.168.1.100 /collegepy/index.php/Home/PostList/postlist
INFO: [ app_init ] --START--
INFO: Run Behavior\BuildLiteBehavior [ RunTime:0.000029s ]
INFO: [ app_init ] --END-- [ RunTime:0.000576s ]
INFO: [ app_begin ] --START--
INFO: Run Behavior\ReadHtmlCacheBehavior [ RunTime:0.000820s ]
INFO: [ app_begin ] --END-- [ RunTime:0.000943s ]
SQL: SHOW COLUMNS FROM `activity_info` [ RunTime:0.405292s ]
SQL: SELECT `id`,`title`,`time`,`location`,`userid`,`createtime` FROM `activity_info` ORDER BY createtime desc LIMIT 0,30   [ RunTime:0.171059s ]
SQL: SHOW COLUMNS FROM `user_info` [ RunTime:0.062945s ]
SQL: SELECT `id`,`nickname` FROM `user_info` WHERE ( 1=1 AND id='1' ) LIMIT 1   [ RunTime:0.065089s ]
SQL: SELECT `id`,`nickname` FROM `user_info` WHERE ( 1=1 AND id='2' ) LIMIT 1   [ RunTime:0.001153s ]
SQL: SELECT `id`,`nickname` FROM `user_info` WHERE ( 1=1 AND id='2' ) LIMIT 1   [ RunTime:0.000807s ]
NOTIC: [8] Trying to get property of non-object D:\Application\wamp\www\collegepy\Application\Home\Controller\PostListController.class.php 第 20 行.
NOTIC: [8] Trying to get property of non-object D:\Application\wamp\www\collegepy\Application\Home\Controller\PostListController.class.php 第 21 行.
INFO: [ app_end ] --START--
INFO: Run Behavior\ShowPageTraceBehavior [ RunTime:0.001721s ]
INFO: [ app_end ] --END-- [ RunTime:0.001912s ]

[ 2014-03-18T13:50:03+08:00 ] 192.168.1.100 /collegepy/index.php/Home/Index/activity
INFO: [ app_init ] --START--
INFO: Run Behavior\BuildLiteBehavior [ RunTime:0.000032s ]
INFO: [ app_init ] --END-- [ RunTime:0.000580s ]
INFO: [ app_begin ] --START--
INFO: Run Behavior\ReadHtmlCacheBehavior [ RunTime:0.000739s ]
INFO: [ app_begin ] --END-- [ RunTime:0.000878s ]
NOTIC: [8] Undefined index: type D:\Application\wamp\www\collegepy\Application\Home\Controller\IndexController.class.php 第 32 行.
SQL: SHOW COLUMNS FROM `activity_info` [ RunTime:0.018814s ]
SQL: SELECT * FROM `activity_info` WHERE ( id<2 )  [ RunTime:0.047588s ]
INFO: [ view_parse ] --START--
INFO: [ template_filter ] --START--
INFO: Run Behavior\ContentReplaceBehavior [ RunTime:0.000082s ]
INFO: [ template_filter ] --END-- [ RunTime:0.000208s ]
INFO: Run Behavior\ParseTemplateBehavior [ RunTime:0.026889s ]
INFO: [ view_parse ] --END-- [ RunTime:0.027031s ]
INFO: [ view_filter ] --START--
INFO: Run Behavior\WriteHtmlCacheBehavior [ RunTime:0.000696s ]
INFO: [ view_filter ] --END-- [ RunTime:0.000808s ]
INFO: [ app_end ] --START--
INFO: Run Behavior\ShowPageTraceBehavior [ RunTime:0.000764s ]
INFO: [ app_end ] --END-- [ RunTime:0.000875s ]

[ 2014-03-18T13:50:13+08:00 ] 192.168.1.100 /collegepy/index.php/Home/Index/activity
INFO: [ app_init ] --START--
INFO: Run Behavior\BuildLiteBehavior [ RunTime:0.000050s ]
INFO: [ app_init ] --END-- [ RunTime:0.000929s ]
INFO: [ app_begin ] --START--
INFO: Run Behavior\ReadHtmlCacheBehavior [ RunTime:0.001487s ]
INFO: [ app_begin ] --END-- [ RunTime:0.001726s ]
NOTIC: [8] Undefined index: type D:\Application\wamp\www\collegepy\Application\Home\Controller\IndexController.class.php 第 32 行.
SQL: SHOW COLUMNS FROM `activity_info` [ RunTime:0.019396s ]
SQL: SELECT * FROM `activity_info` WHERE ( id<2 )  [ RunTime:0.011107s ]
INFO: [ view_parse ] --START--
INFO: [ template_filter ] --START--
INFO: Run Behavior\ContentReplaceBehavior [ RunTime:0.000075s ]
INFO: [ template_filter ] --END-- [ RunTime:0.000190s ]
INFO: Run Behavior\ParseTemplateBehavior [ RunTime:0.009373s ]
INFO: [ view_parse ] --END-- [ RunTime:0.009484s ]
INFO: [ view_filter ] --START--
INFO: Run Behavior\WriteHtmlCacheBehavior [ RunTime:0.000548s ]
INFO: [ view_filter ] --END-- [ RunTime:0.000642s ]
INFO: [ app_end ] --START--
INFO: Run Behavior\ShowPageTraceBehavior [ RunTime:0.000607s ]
INFO: [ app_end ] --END-- [ RunTime:0.000706s ]

[ 2014-03-18T13:52:07+08:00 ] 192.168.1.109 /collegepy/index.php/Home/Index/activity
INFO: [ app_init ] --START--
INFO: Run Behavior\BuildLiteBehavior [ RunTime:0.000027s ]
INFO: [ app_init ] --END-- [ RunTime:0.000558s ]
INFO: [ app_begin ] --START--
INFO: Run Behavior\ReadHtmlCacheBehavior [ RunTime:0.000820s ]
INFO: [ app_begin ] --END-- [ RunTime:0.000943s ]
NOTIC: [8] Undefined index: type D:\Application\wamp\www\collegepy\Application\Home\Controller\IndexController.class.php 第 32 行.
SQL: SHOW COLUMNS FROM `activity_info` [ RunTime:0.033427s ]
SQL: SELECT * FROM `activity_info` WHERE ( id<2 )  [ RunTime:0.002330s ]
INFO: [ view_parse ] --START--
INFO: [ template_filter ] --START--
INFO: Run Behavior\ContentReplaceBehavior [ RunTime:0.000073s ]
INFO: [ template_filter ] --END-- [ RunTime:0.000182s ]
INFO: Run Behavior\ParseTemplateBehavior [ RunTime:0.008491s ]
INFO: [ view_parse ] --END-- [ RunTime:0.008598s ]
INFO: [ view_filter ] --START--
INFO: Run Behavior\WriteHtmlCacheBehavior [ RunTime:0.000521s ]
INFO: [ view_filter ] --END-- [ RunTime:0.000616s ]
INFO: [ app_end ] --START--
INFO: Run Behavior\ShowPageTraceBehavior [ RunTime:0.000721s ]
INFO: [ app_end ] --END-- [ RunTime:0.000816s ]

[ 2014-03-18T13:52:19+08:00 ] 192.168.1.109 /collegepy/index.php/Home/PostList/postlist
INFO: [ app_init ] --START--
INFO: Run Behavior\BuildLiteBehavior [ RunTime:0.000031s ]
INFO: [ app_init ] --END-- [ RunTime:0.000519s ]
INFO: [ app_begin ] --START--
INFO: Run Behavior\ReadHtmlCacheBehavior [ RunTime:0.000682s ]
INFO: [ app_begin ] --END-- [ RunTime:0.000807s ]
SQL: SHOW COLUMNS FROM `activity_info` [ RunTime:0.006303s ]
SQL: SELECT `id`,`title`,`time`,`location`,`userid`,`createtime` FROM `activity_info` ORDER BY createtime desc LIMIT 0,30   [ RunTime:0.001055s ]
SQL: SHOW COLUMNS FROM `user_info` [ RunTime:0.004851s ]
SQL: SELECT `id`,`nickname` FROM `user_info` WHERE ( 1=1 AND id='1' ) LIMIT 1   [ RunTime:0.001545s ]
SQL: SELECT `id`,`nickname` FROM `user_info` WHERE ( 1=1 AND id='2' ) LIMIT 1   [ RunTime:0.001881s ]
SQL: SELECT `id`,`nickname` FROM `user_info` WHERE ( 1=1 AND id='2' ) LIMIT 1   [ RunTime:0.002555s ]
NOTIC: [8] Trying to get property of non-object D:\Application\wamp\www\collegepy\Application\Home\Controller\PostListController.class.php 第 20 行.
NOTIC: [8] Trying to get property of non-object D:\Application\wamp\www\collegepy\Application\Home\Controller\PostListController.class.php 第 21 行.
INFO: [ app_end ] --START--
INFO: Run Behavior\ShowPageTraceBehavior [ RunTime:0.001300s ]
INFO: [ app_end ] --END-- [ RunTime:0.001438s ]

[ 2014-03-18T13:56:04+08:00 ] 127.0.0.1 /collegepy/index.php/Home/PostList/postlist
INFO: [ app_init ] --START--
INFO: Run Behavior\BuildLiteBehavior [ RunTime:0.000032s ]
INFO: [ app_init ] --END-- [ RunTime:0.000599s ]
INFO: [ app_begin ] --START--
INFO: Run Behavior\ReadHtmlCacheBehavior [ RunTime:0.000824s ]
INFO: [ app_begin ] --END-- [ RunTime:0.000954s ]
SQL: SHOW COLUMNS FROM `activity_info` [ RunTime:0.003376s ]
SQL: SELECT `id`,`title`,`time`,`location`,`userid`,`createtime` FROM `activity_info` ORDER BY createtime desc LIMIT 0,30   [ RunTime:0.000558s ]
SQL: SHOW COLUMNS FROM `user_info` [ RunTime:0.003693s ]
SQL: SELECT `id`,`nickname` FROM `user_info` WHERE ( 1=1 AND id='1' ) LIMIT 1   [ RunTime:0.000417s ]
SQL: SELECT `id`,`nickname` FROM `user_info` WHERE ( 1=1 AND id='2' ) LIMIT 1   [ RunTime:0.000293s ]
SQL: SELECT `id`,`nickname` FROM `user_info` WHERE ( 1=1 AND id='2' ) LIMIT 1   [ RunTime:0.000270s ]
NOTIC: [8] Trying to get property of non-object D:\Application\wamp\www\collegepy\Application\Home\Controller\PostListController.class.php 第 20 行.
NOTIC: [8] Trying to get property of non-object D:\Application\wamp\www\collegepy\Application\Home\Controller\PostListController.class.php 第 21 行.
INFO: [ app_end ] --START--
INFO: Run Behavior\ShowPageTraceBehavior [ RunTime:0.000868s ]
INFO: [ app_end ] --END-- [ RunTime:0.001007s ]

[ 2014-03-18T13:56:08+08:00 ] 127.0.0.1 /collegepy/index.php/Home/PostList/postlist
INFO: [ app_init ] --START--
INFO: Run Behavior\BuildLiteBehavior [ RunTime:0.000028s ]
INFO: [ app_init ] --END-- [ RunTime:0.000464s ]
INFO: [ app_begin ] --START--
INFO: Run Behavior\ReadHtmlCacheBehavior [ RunTime:0.000675s ]
INFO: [ app_begin ] --END-- [ RunTime:0.000826s ]
SQL: SHOW COLUMNS FROM `activity_info` [ RunTime:0.003637s ]
SQL: SELECT `id`,`title`,`time`,`location`,`userid`,`createtime` FROM `activity_info` ORDER BY createtime desc LIMIT 0,30   [ RunTime:0.000898s ]
SQL: SHOW COLUMNS FROM `user_info` [ RunTime:0.003208s ]
SQL: SELECT `id`,`nickname` FROM `user_info` WHERE ( 1=1 AND id='1' ) LIMIT 1   [ RunTime:0.000854s ]
SQL: SELECT `id`,`nickname` FROM `user_info` WHERE ( 1=1 AND id='2' ) LIMIT 1   [ RunTime:0.001090s ]
SQL: SELECT `id`,`nickname` FROM `user_info` WHERE ( 1=1 AND id='2' ) LIMIT 1   [ RunTime:0.000406s ]
NOTIC: [8] Trying to get property of non-object D:\Application\wamp\www\collegepy\Application\Home\Controller\PostListController.class.php 第 20 行.
NOTIC: [8] Trying to get property of non-object D:\Application\wamp\www\collegepy\Application\Home\Controller\PostListController.class.php 第 21 行.
INFO: [ app_end ] --START--
INFO: Run Behavior\ShowPageTraceBehavior [ RunTime:0.000744s ]
INFO: [ app_end ] --END-- [ RunTime:0.000845s ]

[ 2014-03-18T13:56:09+08:00 ] 127.0.0.1 /collegepy/index.php/Home/PostList/postlist
INFO: [ app_init ] --START--
INFO: Run Behavior\BuildLiteBehavior [ RunTime:0.000031s ]
INFO: [ app_init ] --END-- [ RunTime:0.000532s ]
INFO: [ app_begin ] --START--
INFO: Run Behavior\ReadHtmlCacheBehavior [ RunTime:0.000646s ]
INFO: [ app_begin ] --END-- [ RunTime:0.000764s ]
SQL: SHOW COLUMNS FROM `activity_info` [ RunTime:0.003508s ]
SQL: SELECT `id`,`title`,`time`,`location`,`userid`,`createtime` FROM `activity_info` ORDER BY createtime desc LIMIT 0,30   [ RunTime:0.000990s ]
SQL: SHOW COLUMNS FROM `user_info` [ RunTime:0.003468s ]
SQL: SELECT `id`,`nickname` FROM `user_info` WHERE ( 1=1 AND id='1' ) LIMIT 1   [ RunTime:0.001127s ]
SQL: SELECT `id`,`nickname` FROM `user_info` WHERE ( 1=1 AND id='2' ) LIMIT 1   [ RunTime:0.000804s ]
SQL: SELECT `id`,`nickname` FROM `user_info` WHERE ( 1=1 AND id='2' ) LIMIT 1   [ RunTime:0.000766s ]
NOTIC: [8] Trying to get property of non-object D:\Application\wamp\www\collegepy\Application\Home\Controller\PostListController.class.php 第 20 行.
NOTIC: [8] Trying to get property of non-object D:\Application\wamp\www\collegepy\Application\Home\Controller\PostListController.class.php 第 21 行.
INFO: [ app_end ] --START--
INFO: Run Behavior\ShowPageTraceBehavior [ RunTime:0.000748s ]
INFO: [ app_end ] --END-- [ RunTime:0.000854s ]

[ 2014-03-18T13:58:42+08:00 ] 192.168.1.109 /collegepy/index.php/Home/Index/activity
INFO: [ app_init ] --START--
INFO: Run Behavior\BuildLiteBehavior [ RunTime:0.000041s ]
INFO: [ app_init ] --END-- [ RunTime:0.000832s ]
INFO: [ app_begin ] --START--
INFO: Run Behavior\ReadHtmlCacheBehavior [ RunTime:0.001253s ]
INFO: [ app_begin ] --END-- [ RunTime:0.001450s ]
NOTIC: [8] Undefined index: type D:\Application\wamp\www\collegepy\Application\Home\Controller\IndexController.class.php 第 32 行.
SQL: SHOW COLUMNS FROM `activity_info` [ RunTime:0.006494s ]
SQL: SELECT * FROM `activity_info` WHERE ( id<2 )  [ RunTime:0.014431s ]
INFO: [ view_parse ] --START--
INFO: [ template_filter ] --START--
INFO: Run Behavior\ContentReplaceBehavior [ RunTime:0.000120s ]
INFO: [ template_filter ] --END-- [ RunTime:0.000316s ]
INFO: Run Behavior\ParseTemplateBehavior [ RunTime:0.015042s ]
INFO: [ view_parse ] --END-- [ RunTime:0.015258s ]
INFO: [ view_filter ] --START--
INFO: Run Behavior\WriteHtmlCacheBehavior [ RunTime:0.000872s ]
INFO: [ view_filter ] --END-- [ RunTime:0.001052s ]
INFO: [ app_end ] --START--
INFO: Run Behavior\ShowPageTraceBehavior [ RunTime:0.001241s ]
INFO: [ app_end ] --END-- [ RunTime:0.001429s ]

[ 2014-03-18T14:02:28+08:00 ] 192.168.1.109 /collegepy/index.php/Home/Index/activity
INFO: [ app_init ] --START--
INFO: Run Behavior\BuildLiteBehavior [ RunTime:0.000027s ]
INFO: [ app_init ] --END-- [ RunTime:0.000526s ]
INFO: [ app_begin ] --START--
INFO: Run Behavior\ReadHtmlCacheBehavior [ RunTime:0.000791s ]
INFO: [ app_begin ] --END-- [ RunTime:0.000905s ]
NOTIC: [8] Undefined index: type D:\Application\wamp\www\collegepy\Application\Home\Controller\IndexController.class.php 第 32 行.
SQL: SHOW COLUMNS FROM `activity_info` [ RunTime:0.005692s ]
SQL: SELECT * FROM `activity_info` WHERE ( id<2 )  [ RunTime:0.003371s ]
INFO: [ view_parse ] --START--
INFO: [ template_filter ] --START--
INFO: Run Behavior\ContentReplaceBehavior [ RunTime:0.000076s ]
INFO: [ template_filter ] --END-- [ RunTime:0.000196s ]
INFO: Run Behavior\ParseTemplateBehavior [ RunTime:0.012495s ]
INFO: [ view_parse ] --END-- [ RunTime:0.012688s ]
INFO: [ view_filter ] --START--
INFO: Run Behavior\WriteHtmlCacheBehavior [ RunTime:0.000574s ]
INFO: [ view_filter ] --END-- [ RunTime:0.000698s ]
INFO: [ app_end ] --START--
INFO: Run Behavior\ShowPageTraceBehavior [ RunTime:0.001056s ]
INFO: [ app_end ] --END-- [ RunTime:0.001193s ]

[ 2014-03-18T14:02:34+08:00 ] 192.168.1.109 /collegepy/index.php/Home/PostList/postlist
INFO: [ app_init ] --START--
INFO: Run Behavior\BuildLiteBehavior [ RunTime:0.000045s ]
INFO: [ app_init ] --END-- [ RunTime:0.000735s ]
INFO: [ app_begin ] --START--
INFO: Run Behavior\ReadHtmlCacheBehavior [ RunTime:0.001014s ]
INFO: [ app_begin ] --END-- [ RunTime:0.001222s ]
SQL: SHOW COLUMNS FROM `activity_info` [ RunTime:0.004458s ]
SQL: SELECT `id`,`title`,`time`,`location`,`userid`,`createtime` FROM `activity_info` ORDER BY createtime desc LIMIT 0,30   [ RunTime:0.003700s ]
SQL: SHOW COLUMNS FROM `user_info` [ RunTime:0.004359s ]
SQL: SELECT `id`,`nickname` FROM `user_info` WHERE ( 1=1 AND id='1' ) LIMIT 1   [ RunTime:0.001953s ]
SQL: SELECT `id`,`nickname` FROM `user_info` WHERE ( 1=1 AND id='2' ) LIMIT 1   [ RunTime:0.001565s ]
SQL: SELECT `id`,`nickname` FROM `user_info` WHERE ( 1=1 AND id='2' ) LIMIT 1   [ RunTime:0.033578s ]
NOTIC: [8] Trying to get property of non-object D:\Application\wamp\www\collegepy\Application\Home\Controller\PostListController.class.php 第 20 行.
NOTIC: [8] Trying to get property of non-object D:\Application\wamp\www\collegepy\Application\Home\Controller\PostListController.class.php 第 21 行.
INFO: [ app_end ] --START--
INFO: Run Behavior\ShowPageTraceBehavior [ RunTime:0.001399s ]
INFO: [ app_end ] --END-- [ RunTime:0.001596s ]

[ 2014-03-18T14:05:33+08:00 ] 192.168.1.109 /collegepy/index.php/Home/PostList/postlist
INFO: [ app_init ] --START--
INFO: Run Behavior\BuildLiteBehavior [ RunTime:0.000027s ]
INFO: [ app_init ] --END-- [ RunTime:0.000522s ]
INFO: [ app_begin ] --START--
INFO: Run Behavior\ReadHtmlCacheBehavior [ RunTime:0.000786s ]
INFO: [ app_begin ] --END-- [ RunTime:0.000965s ]
SQL: SHOW COLUMNS FROM `activity_info` [ RunTime:0.003812s ]
SQL: SELECT `id`,`title`,`time`,`location`,`userid`,`createtime` FROM `activity_info` ORDER BY createtime desc LIMIT 0,30   [ RunTime:0.001548s ]
SQL: SHOW COLUMNS FROM `user_info` [ RunTime:0.004061s ]
SQL: SELECT `id`,`nickname` FROM `user_info` WHERE ( 1=1 AND id='1' ) LIMIT 1   [ RunTime:0.001903s ]
SQL: SELECT `id`,`nickname` FROM `user_info` WHERE ( 1=1 AND id='2' ) LIMIT 1   [ RunTime:0.001386s ]
SQL: SELECT `id`,`nickname` FROM `user_info` WHERE ( 1=1 AND id='2' ) LIMIT 1   [ RunTime:0.001280s ]
NOTIC: [8] Trying to get property of non-object D:\Application\wamp\www\collegepy\Application\Home\Controller\PostListController.class.php 第 20 行.
NOTIC: [8] Trying to get property of non-object D:\Application\wamp\www\collegepy\Application\Home\Controller\PostListController.class.php 第 21 行.
INFO: [ app_end ] --START--
INFO: Run Behavior\ShowPageTraceBehavior [ RunTime:0.000887s ]
INFO: [ app_end ] --END-- [ RunTime:0.000994s ]

[ 2014-03-18T14:12:59+08:00 ] 192.168.1.109 /collegepy/index.php/Home/Index/activity
INFO: [ app_init ] --START--
INFO: Run Behavior\BuildLiteBehavior [ RunTime:0.000027s ]
INFO: [ app_init ] --END-- [ RunTime:0.000528s ]
INFO: [ app_begin ] --START--
INFO: Run Behavior\ReadHtmlCacheBehavior [ RunTime:0.000831s ]
INFO: [ app_begin ] --END-- [ RunTime:0.000956s ]
NOTIC: [8] Undefined index: type D:\Application\wamp\www\collegepy\Application\Home\Controller\IndexController.class.php 第 32 行.
SQL: SHOW COLUMNS FROM `activity_info` [ RunTime:0.003933s ]
SQL: SELECT * FROM `activity_info` WHERE ( id<2 )  [ RunTime:0.000660s ]
INFO: [ view_parse ] --START--
INFO: [ template_filter ] --START--
INFO: Run Behavior\ContentReplaceBehavior [ RunTime:0.000073s ]
INFO: [ template_filter ] --END-- [ RunTime:0.000186s ]
INFO: Run Behavior\ParseTemplateBehavior [ RunTime:0.009168s ]
INFO: [ view_parse ] --END-- [ RunTime:0.009275s ]
INFO: [ view_filter ] --START--
INFO: Run Behavior\WriteHtmlCacheBehavior [ RunTime:0.000515s ]
INFO: [ view_filter ] --END-- [ RunTime:0.000606s ]
INFO: [ app_end ] --START--
INFO: Run Behavior\ShowPageTraceBehavior [ RunTime:0.000791s ]
INFO: [ app_end ] --END-- [ RunTime:0.000885s ]

[ 2014-03-18T14:13:17+08:00 ] 192.168.1.109 /collegepy/index.php/Home/PostList/postlist
INFO: [ app_init ] --START--
INFO: Run Behavior\BuildLiteBehavior [ RunTime:0.000028s ]
INFO: [ app_init ] --END-- [ RunTime:0.000493s ]
INFO: [ app_begin ] --START--
INFO: Run Behavior\ReadHtmlCacheBehavior [ RunTime:0.000602s ]
INFO: [ app_begin ] --END-- [ RunTime:0.000713s ]
SQL: SHOW COLUMNS FROM `activity_info` [ RunTime:0.003636s ]
SQL: SELECT `id`,`title`,`time`,`location`,`userid`,`createtime` FROM `activity_info` ORDER BY createtime desc LIMIT 0,30   [ RunTime:0.000385s ]
SQL: SHOW COLUMNS FROM `user_info` [ RunTime:0.003246s ]
SQL: SELECT `id`,`nickname` FROM `user_info` WHERE ( 1=1 AND id='1' ) LIMIT 1   [ RunTime:0.000598s ]
SQL: SELECT `id`,`nickname` FROM `user_info` WHERE ( 1=1 AND id='2' ) LIMIT 1   [ RunTime:0.020077s ]
SQL: SELECT `id`,`nickname` FROM `user_info` WHERE ( 1=1 AND id='2' ) LIMIT 1   [ RunTime:0.016071s ]
NOTIC: [8] Trying to get property of non-object D:\Application\wamp\www\collegepy\Application\Home\Controller\PostListController.class.php 第 20 行.
NOTIC: [8] Trying to get property of non-object D:\Application\wamp\www\collegepy\Application\Home\Controller\PostListController.class.php 第 21 行.
INFO: [ app_end ] --START--
INFO: Run Behavior\ShowPageTraceBehavior [ RunTime:0.000868s ]
INFO: [ app_end ] --END-- [ RunTime:0.000966s ]

[ 2014-03-18T14:13:44+08:00 ] 192.168.1.109 /collegepy/index.php/Home/PostList/postlist
INFO: [ app_init ] --START--
INFO: Run Behavior\BuildLiteBehavior [ RunTime:0.000053s ]
INFO: [ app_init ] --END-- [ RunTime:0.001449s ]
INFO: [ app_begin ] --START--
INFO: Run Behavior\ReadHtmlCacheBehavior [ RunTime:0.001080s ]
INFO: [ app_begin ] --END-- [ RunTime:0.001292s ]
SQL: SHOW COLUMNS FROM `activity_info` [ RunTime:0.026055s ]
SQL: SELECT `id`,`title`,`time`,`location`,`userid`,`createtime` FROM `activity_info` ORDER BY createtime desc LIMIT 0,30   [ RunTime:0.002348s ]
SQL: SHOW COLUMNS FROM `user_info` [ RunTime:0.009415s ]
SQL: SELECT `id`,`nickname` FROM `user_info` WHERE ( 1=1 AND id='1' ) LIMIT 1   [ RunTime:0.002277s ]
SQL: SELECT `id`,`nickname` FROM `user_info` WHERE ( 1=1 AND id='2' ) LIMIT 1   [ RunTime:0.002124s ]
SQL: SELECT `id`,`nickname` FROM `user_info` WHERE ( 1=1 AND id='2' ) LIMIT 1   [ RunTime:0.002454s ]
NOTIC: [8] Trying to get property of non-object D:\Application\wamp\www\collegepy\Application\Home\Controller\PostListController.class.php 第 20 行.
NOTIC: [8] Trying to get property of non-object D:\Application\wamp\www\collegepy\Application\Home\Controller\PostListController.class.php 第 21 行.
INFO: [ app_end ] --START--
INFO: Run Behavior\ShowPageTraceBehavior [ RunTime:0.001171s ]
INFO: [ app_end ] --END-- [ RunTime:0.001341s ]

[ 2014-03-18T14:17:51+08:00 ] 192.168.1.109 /collegepy/index.php/Home/PostList/postlist
INFO: [ app_init ] --START--
INFO: Run Behavior\BuildLiteBehavior [ RunTime:0.000029s ]
INFO: [ app_init ] --END-- [ RunTime:0.000546s ]
INFO: [ app_begin ] --START--
INFO: Run Behavior\ReadHtmlCacheBehavior [ RunTime:0.002196s ]
INFO: [ app_begin ] --END-- [ RunTime:0.002333s ]
SQL: SHOW COLUMNS FROM `activity_info` [ RunTime:0.004356s ]
SQL: SELECT `id`,`title`,`time`,`location`,`userid`,`createtime` FROM `activity_info` ORDER BY createtime desc LIMIT 0,30   [ RunTime:0.001461s ]
SQL: SHOW COLUMNS FROM `user_info` [ RunTime:0.003069s ]
SQL: SELECT `id`,`nickname` FROM `user_info` WHERE ( 1=1 AND id='1' ) LIMIT 1   [ RunTime:0.002338s ]
SQL: SELECT `id`,`nickname` FROM `user_info` WHERE ( 1=1 AND id='2' ) LIMIT 1   [ RunTime:0.000786s ]
SQL: SELECT `id`,`nickname` FROM `user_info` WHERE ( 1=1 AND id='2' ) LIMIT 1   [ RunTime:0.002306s ]
NOTIC: [8] Trying to get property of non-object D:\Application\wamp\www\collegepy\Application\Home\Controller\PostListController.class.php 第 20 行.
NOTIC: [8] Trying to get property of non-object D:\Application\wamp\www\collegepy\Application\Home\Controller\PostListController.class.php 第 21 行.
INFO: [ app_end ] --START--
INFO: Run Behavior\ShowPageTraceBehavior [ RunTime:0.000887s ]
INFO: [ app_end ] --END-- [ RunTime:0.000984s ]

[ 2014-03-18T14:18:32+08:00 ] 127.0.0.1 /collegepy/index.php/Home/PostList/postlist
INFO: [ app_init ] --START--
INFO: Run Behavior\BuildLiteBehavior [ RunTime:0.000029s ]
INFO: [ app_init ] --END-- [ RunTime:0.000489s ]
INFO: [ app_begin ] --START--
INFO: Run Behavior\ReadHtmlCacheBehavior [ RunTime:0.000619s ]
INFO: [ app_begin ] --END-- [ RunTime:0.000729s ]
SQL: SHOW COLUMNS FROM `activity_info` [ RunTime:0.004585s ]
SQL: SELECT `id`,`title`,`time`,`location`,`userid`,`createtime` FROM `activity_info` ORDER BY createtime desc LIMIT 0,30   [ RunTime:0.001959s ]
SQL: SHOW COLUMNS FROM `user_info` [ RunTime:0.004542s ]
SQL: SELECT `id`,`nickname` FROM `user_info` WHERE ( 1=1 AND id='1' ) LIMIT 1   [ RunTime:0.002057s ]
SQL: SELECT `id`,`nickname` FROM `user_info` WHERE ( 1=1 AND id='2' ) LIMIT 1   [ RunTime:0.002059s ]
SQL: SELECT `id`,`nickname` FROM `user_info` WHERE ( 1=1 AND id='2' ) LIMIT 1   [ RunTime:0.002319s ]
NOTIC: [8] Trying to get property of non-object D:\Application\wamp\www\collegepy\Application\Home\Controller\PostListController.class.php 第 20 行.
NOTIC: [8] Trying to get property of non-object D:\Application\wamp\www\collegepy\Application\Home\Controller\PostListController.class.php 第 21 行.
SQL: SHOW COLUMNS FROM `activity_info` [ RunTime:0.003469s ]
SQL: SELECT `id`,`title`,`time`,`location`,`userid`,`createtime` FROM `activity_info` ORDER BY createtime desc LIMIT 0,30   [ RunTime:0.001964s ]
SQL: SELECT `id`,`nickname` FROM `user_info` WHERE ( 1=1 AND id='1' ) LIMIT 1   [ RunTime:0.002201s ]
SQL: SELECT `id`,`nickname` FROM `user_info` WHERE ( 1=1 AND id='2' ) LIMIT 1   [ RunTime:0.001985s ]
SQL: SELECT `id`,`nickname` FROM `user_info` WHERE ( 1=1 AND id='2' ) LIMIT 1   [ RunTime:0.001881s ]
INFO: [ app_end ] --START--
INFO: Run Behavior\ShowPageTraceBehavior [ RunTime:0.000828s ]
INFO: [ app_end ] --END-- [ RunTime:0.000936s ]

[ 2014-03-18T14:19:54+08:00 ] 192.168.1.109 /collegepy/index.php/Home/PostList/postlist
INFO: [ app_init ] --START--
INFO: Run Behavior\BuildLiteBehavior [ RunTime:0.000031s ]
INFO: [ app_init ] --END-- [ RunTime:0.000568s ]
INFO: [ app_begin ] --START--
INFO: Run Behavior\ReadHtmlCacheBehavior [ RunTime:0.000871s ]
INFO: [ app_begin ] --END-- [ RunTime:0.001022s ]
SQL: SHOW COLUMNS FROM `activity_info` [ RunTime:0.006757s ]
SQL: SELECT `id`,`title`,`time`,`location`,`userid`,`createtime` FROM `activity_info` ORDER BY createtime desc LIMIT 0,30   [ RunTime:0.003954s ]
SQL: SHOW COLUMNS FROM `user_info` [ RunTime:0.042087s ]
SQL: SELECT `id`,`nickname` FROM `user_info` WHERE ( 1=1 AND id='1' ) LIMIT 1   [ RunTime:0.004376s ]
SQL: SELECT `id`,`nickname` FROM `user_info` WHERE ( 1=1 AND id='2' ) LIMIT 1   [ RunTime:0.005954s ]
SQL: SELECT `id`,`nickname` FROM `user_info` WHERE ( 1=1 AND id='2' ) LIMIT 1   [ RunTime:0.002965s ]
NOTIC: [8] Trying to get property of non-object D:\Application\wamp\www\collegepy\Application\Home\Controller\PostListController.class.php 第 20 行.
NOTIC: [8] Trying to get property of non-object D:\Application\wamp\www\collegepy\Application\Home\Controller\PostListController.class.php 第 21 行.
INFO: [ app_end ] --START--
INFO: Run Behavior\ShowPageTraceBehavior [ RunTime:0.003126s ]
INFO: [ app_end ] --END-- [ RunTime:0.003305s ]

[ 2014-03-18T14:20:51+08:00 ] 192.168.1.109 /collegepy/index.php/Home/PostList/postlist
INFO: [ app_init ] --START--
INFO: Run Behavior\BuildLiteBehavior [ RunTime:0.000029s ]
INFO: [ app_init ] --END-- [ RunTime:0.000545s ]
INFO: [ app_begin ] --START--
INFO: Run Behavior\ReadHtmlCacheBehavior [ RunTime:0.000753s ]
INFO: [ app_begin ] --END-- [ RunTime:0.000902s ]
SQL: SHOW COLUMNS FROM `activity_info` [ RunTime:0.003517s ]
SQL: SELECT `id`,`title`,`time`,`location`,`userid`,`createtime` FROM `activity_info` ORDER BY createtime desc LIMIT 0,30   [ RunTime:0.001618s ]
SQL: SHOW COLUMNS FROM `user_info` [ RunTime:0.004010s ]
SQL: SELECT `id`,`nickname` FROM `user_info` WHERE ( 1=1 AND id='1' ) LIMIT 1   [ RunTime:0.001250s ]
SQL: SELECT `id`,`nickname` FROM `user_info` WHERE ( 1=1 AND id='2' ) LIMIT 1   [ RunTime:0.000798s ]
SQL: SELECT `id`,`nickname` FROM `user_info` WHERE ( 1=1 AND id='2' ) LIMIT 1   [ RunTime:0.000803s ]
NOTIC: [8] Trying to get property of non-object D:\Application\wamp\www\collegepy\Application\Home\Controller\PostListController.class.php 第 21 行.
NOTIC: [8] Trying to get property of non-object D:\Application\wamp\www\collegepy\Application\Home\Controller\PostListController.class.php 第 22 行.
INFO: [ app_end ] --START--
INFO: Run Behavior\ShowPageTraceBehavior [ RunTime:0.000788s ]
INFO: [ app_end ] --END-- [ RunTime:0.000891s ]

[ 2014-03-18T14:25:12+08:00 ] 192.168.1.109 /collegepy/index.php/Home/PostList/postlist
INFO: [ app_init ] --START--
INFO: Run Behavior\BuildLiteBehavior [ RunTime:0.000031s ]
INFO: [ app_init ] --END-- [ RunTime:0.000606s ]
INFO: [ app_begin ] --START--
INFO: Run Behavior\ReadHtmlCacheBehavior [ RunTime:0.001244s ]
INFO: [ app_begin ] --END-- [ RunTime:0.001411s ]
SQL: SHOW COLUMNS FROM `activity_info` [ RunTime:0.003465s ]
SQL: SELECT `id`,`title`,`time`,`location`,`userid`,`createtime` FROM `activity_info` ORDER BY createtime desc LIMIT 0,30   [ RunTime:0.000433s ]
SQL: SHOW COLUMNS FROM `user_info` [ RunTime:0.003281s ]
SQL: SELECT `id`,`nickname` FROM `user_info` WHERE ( 1=1 AND id='1' ) LIMIT 1   [ RunTime:0.000330s ]
SQL: SELECT `id`,`nickname` FROM `user_info` WHERE ( 1=1 AND id='2' ) LIMIT 1   [ RunTime:0.000213s ]
SQL: SELECT `id`,`nickname` FROM `user_info` WHERE ( 1=1 AND id='2' ) LIMIT 1   [ RunTime:0.000437s ]
NOTIC: [8] Trying to get property of non-object D:\Application\wamp\www\collegepy\Application\Home\Controller\PostListController.class.php 第 21 行.
NOTIC: [8] Trying to get property of non-object D:\Application\wamp\www\collegepy\Application\Home\Controller\PostListController.class.php 第 22 行.
INFO: [ app_end ] --START--
INFO: Run Behavior\ShowPageTraceBehavior [ RunTime:0.001003s ]
INFO: [ app_end ] --END-- [ RunTime:0.001135s ]

[ 2014-03-18T14:28:37+08:00 ] 192.168.1.109 /collegepy/index.php/Home/PostList/postlist
INFO: [ app_init ] --START--
INFO: Run Behavior\BuildLiteBehavior [ RunTime:0.000028s ]
INFO: [ app_init ] --END-- [ RunTime:0.000542s ]
INFO: [ app_begin ] --START--
INFO: Run Behavior\ReadHtmlCacheBehavior [ RunTime:0.000890s ]
INFO: [ app_begin ] --END-- [ RunTime:0.001011s ]
SQL: SHOW COLUMNS FROM `activity_info` [ RunTime:0.004378s ]
SQL: SELECT `id`,`title`,`time`,`location`,`userid`,`createtime` FROM `activity_info` ORDER BY createtime desc LIMIT 0,30   [ RunTime:0.000860s ]
SQL: SHOW COLUMNS FROM `user_info` [ RunTime:0.004007s ]
SQL: SELECT `id`,`nickname` FROM `user_info` WHERE ( 1=1 AND id='1' ) LIMIT 1   [ RunTime:0.001939s ]
SQL: SELECT `id`,`nickname` FROM `user_info` WHERE ( 1=1 AND id='2' ) LIMIT 1   [ RunTime:0.000544s ]
SQL: SELECT `id`,`nickname` FROM `user_info` WHERE ( 1=1 AND id='2' ) LIMIT 1   [ RunTime:0.001022s ]
NOTIC: [8] Trying to get property of non-object D:\Application\wamp\www\collegepy\Application\Home\Controller\PostListController.class.php 第 21 行.
NOTIC: [8] Trying to get property of non-object D:\Application\wamp\www\collegepy\Application\Home\Controller\PostListController.class.php 第 22 行.
INFO: [ app_end ] --START--
INFO: Run Behavior\ShowPageTraceBehavior [ RunTime:0.001155s ]
INFO: [ app_end ] --END-- [ RunTime:0.001293s ]

[ 2014-03-18T14:49:51+08:00 ] 192.168.1.109 /collegepy/index.php/Home/PostList/postlist
INFO: [ app_init ] --START--
INFO: Run Behavior\BuildLiteBehavior [ RunTime:0.000034s ]
INFO: [ app_init ] --END-- [ RunTime:0.000558s ]
INFO: [ app_begin ] --START--
INFO: Run Behavior\ReadHtmlCacheBehavior [ RunTime:0.000875s ]
INFO: [ app_begin ] --END-- [ RunTime:0.000998s ]
SQL: SHOW COLUMNS FROM `activity_info` [ RunTime:0.009783s ]
SQL: SELECT `id`,`title`,`time`,`location`,`userid`,`createtime` FROM `activity_info` ORDER BY createtime desc LIMIT 0,30   [ RunTime:0.003618s ]
SQL: SHOW COLUMNS FROM `user_info` [ RunTime:0.006496s ]
SQL: SELECT `id`,`nickname` FROM `user_info` WHERE ( 1=1 AND id='1' ) LIMIT 1   [ RunTime:0.003987s ]
SQL: SELECT `id`,`nickname` FROM `user_info` WHERE ( 1=1 AND id='2' ) LIMIT 1   [ RunTime:0.031749s ]
SQL: SELECT `id`,`nickname` FROM `user_info` WHERE ( 1=1 AND id='2' ) LIMIT 1   [ RunTime:0.004091s ]
NOTIC: [8] Trying to get property of non-object D:\Application\wamp\www\collegepy\Application\Home\Controller\PostListController.class.php 第 21 行.
NOTIC: [8] Trying to get property of non-object D:\Application\wamp\www\collegepy\Application\Home\Controller\PostListController.class.php 第 22 行.
SQL: SHOW COLUMNS FROM `activity_info` [ RunTime:0.006164s ]
SQL: SELECT `id`,`title`,`time`,`location`,`userid`,`createtime` FROM `activity_info` ORDER BY createtime desc LIMIT 0,30   [ RunTime:0.003210s ]
SQL: SELECT `id`,`nickname` FROM `user_info` WHERE ( 1=1 AND id='1' ) LIMIT 1   [ RunTime:0.002288s ]
SQL: SELECT `id`,`nickname` FROM `user_info` WHERE ( 1=1 AND id='2' ) LIMIT 1   [ RunTime:0.011804s ]
SQL: SELECT `id`,`nickname` FROM `user_info` WHERE ( 1=1 AND id='2' ) LIMIT 1   [ RunTime:0.002087s ]
INFO: [ app_end ] --START--
INFO: Run Behavior\ShowPageTraceBehavior [ RunTime:0.000938s ]
INFO: [ app_end ] --END-- [ RunTime:0.001045s ]

[ 2014-03-18T14:51:21+08:00 ] 192.168.1.109 /collegepy/index.php/Home/PostList/postlist
INFO: [ app_init ] --START--
INFO: Run Behavior\BuildLiteBehavior [ RunTime:0.000031s ]
INFO: [ app_init ] --END-- [ RunTime:0.000519s ]
INFO: [ app_begin ] --START--
INFO: Run Behavior\ReadHtmlCacheBehavior [ RunTime:0.000684s ]
INFO: [ app_begin ] --END-- [ RunTime:0.000833s ]
SQL: SHOW COLUMNS FROM `activity_info` [ RunTime:0.005052s ]
SQL: SELECT `id`,`title`,`time`,`location`,`userid`,`createtime` FROM `activity_info` ORDER BY createtime desc LIMIT 0,30   [ RunTime:0.002219s ]
SQL: SHOW COLUMNS FROM `user_info` [ RunTime:0.008109s ]
SQL: SELECT `id`,`nickname` FROM `user_info` WHERE ( 1=1 AND id='1' ) LIMIT 1   [ RunTime:0.004824s ]
SQL: SELECT `id`,`nickname` FROM `user_info` WHERE ( 1=1 AND id='2' ) LIMIT 1   [ RunTime:0.003845s ]
SQL: SELECT `id`,`nickname` FROM `user_info` WHERE ( 1=1 AND id='2' ) LIMIT 1   [ RunTime:0.002353s ]
NOTIC: [8] Trying to get property of non-object D:\Application\wamp\www\collegepy\Application\Home\Controller\PostListController.class.php 第 21 行.
NOTIC: [8] Trying to get property of non-object D:\Application\wamp\www\collegepy\Application\Home\Controller\PostListController.class.php 第 22 行.
SQL: SHOW COLUMNS FROM `activity_info` [ RunTime:0.006239s ]
SQL: SELECT `id`,`title`,`time`,`location`,`userid`,`createtime` FROM `activity_info` ORDER BY createtime desc LIMIT 0,30   [ RunTime:0.002424s ]
SQL: SELECT `id`,`nickname` FROM `user_info` WHERE ( 1=1 AND id='1' ) LIMIT 1   [ RunTime:0.003091s ]
SQL: SELECT `id`,`nickname` FROM `user_info` WHERE ( 1=1 AND id='2' ) LIMIT 1   [ RunTime:0.002187s ]
SQL: SELECT `id`,`nickname` FROM `user_info` WHERE ( 1=1 AND id='2' ) LIMIT 1   [ RunTime:0.003323s ]
INFO: [ app_end ] --START--
INFO: Run Behavior\ShowPageTraceBehavior [ RunTime:0.001064s ]
INFO: [ app_end ] --END-- [ RunTime:0.001230s ]

[ 2014-03-18T14:53:02+08:00 ] 192.168.1.109 /collegepy/index.php/Home/PostList/postlist
INFO: [ app_init ] --START--
INFO: Run Behavior\BuildLiteBehavior [ RunTime:0.000029s ]
INFO: [ app_init ] --END-- [ RunTime:0.000583s ]
INFO: [ app_begin ] --START--
INFO: Run Behavior\ReadHtmlCacheBehavior [ RunTime:0.000809s ]
INFO: [ app_begin ] --END-- [ RunTime:0.000923s ]
SQL: SHOW COLUMNS FROM `activity_info` [ RunTime:0.004129s ]
SQL: SELECT `id`,`title`,`time`,`location`,`userid`,`createtime` FROM `activity_info` ORDER BY createtime desc LIMIT 0,30   [ RunTime:0.002139s ]
SQL: SHOW COLUMNS FROM `user_info` [ RunTime:0.003171s ]
SQL: SELECT `id`,`nickname` FROM `user_info` WHERE ( 1=1 AND id='1' ) LIMIT 1   [ RunTime:0.002257s ]
SQL: SELECT `id`,`nickname` FROM `user_info` WHERE ( 1=1 AND id='2' ) LIMIT 1   [ RunTime:0.001960s ]
SQL: SELECT `id`,`nickname` FROM `user_info` WHERE ( 1=1 AND id='2' ) LIMIT 1   [ RunTime:0.001770s ]
NOTIC: [8] Trying to get property of non-object D:\Application\wamp\www\collegepy\Application\Home\Controller\PostListController.class.php 第 21 行.
NOTIC: [8] Trying to get property of non-object D:\Application\wamp\www\collegepy\Application\Home\Controller\PostListController.class.php 第 22 行.
SQL: SHOW COLUMNS FROM `activity_info` [ RunTime:0.003327s ]
SQL: SELECT `id`,`title`,`time`,`location`,`userid`,`createtime` FROM `activity_info` ORDER BY createtime desc LIMIT 0,30   [ RunTime:0.003377s ]
SQL: SELECT `id`,`nickname` FROM `user_info` WHERE ( 1=1 AND id='1' ) LIMIT 1   [ RunTime:0.002272s ]
SQL: SELECT `id`,`nickname` FROM `user_info` WHERE ( 1=1 AND id='2' ) LIMIT 1   [ RunTime:0.003215s ]
SQL: SELECT `id`,`nickname` FROM `user_info` WHERE ( 1=1 AND id='2' ) LIMIT 1   [ RunTime:0.002886s ]
INFO: [ app_end ] --START--
INFO: Run Behavior\ShowPageTraceBehavior [ RunTime:0.000938s ]
INFO: [ app_end ] --END-- [ RunTime:0.001051s ]

[ 2014-03-18T14:55:48+08:00 ] 192.168.1.109 /collegepy/index.php/Home/PostList/postlist
INFO: [ app_init ] --START--
INFO: Run Behavior\BuildLiteBehavior [ RunTime:0.000036s ]
INFO: [ app_init ] --END-- [ RunTime:0.000637s ]
INFO: [ app_begin ] --START--
INFO: Run Behavior\ReadHtmlCacheBehavior [ RunTime:0.000916s ]
INFO: [ app_begin ] --END-- [ RunTime:0.001061s ]
SQL: SHOW COLUMNS FROM `activity_info` [ RunTime:0.004203s ]
SQL: SELECT `id`,`title`,`time`,`location`,`userid`,`createtime` FROM `activity_info` ORDER BY createtime desc LIMIT 0,30   [ RunTime:0.002078s ]
SQL: SHOW COLUMNS FROM `user_info` [ RunTime:0.004606s ]
SQL: SELECT `id`,`nickname` FROM `user_info` WHERE ( 1=1 AND id='1' ) LIMIT 1   [ RunTime:0.002051s ]
SQL: SELECT `id`,`nickname` FROM `user_info` WHERE ( 1=1 AND id='2' ) LIMIT 1   [ RunTime:0.001824s ]
SQL: SELECT `id`,`nickname` FROM `user_info` WHERE ( 1=1 AND id='2' ) LIMIT 1   [ RunTime:0.001716s ]
NOTIC: [8] Trying to get property of non-object D:\Application\wamp\www\collegepy\Application\Home\Controller\PostListController.class.php 第 21 行.
NOTIC: [8] Trying to get property of non-object D:\Application\wamp\www\collegepy\Application\Home\Controller\PostListController.class.php 第 22 行.
SQL: SHOW COLUMNS FROM `activity_info` [ RunTime:0.004835s ]
SQL: SELECT `id`,`title`,`time`,`location`,`userid`,`createtime` FROM `activity_info` ORDER BY createtime desc LIMIT 0,30   [ RunTime:0.001967s ]
SQL: SELECT `id`,`nickname` FROM `user_info` WHERE ( 1=1 AND id='1' ) LIMIT 1   [ RunTime:0.001880s ]
SQL: SELECT `id`,`nickname` FROM `user_info` WHERE ( 1=1 AND id='2' ) LIMIT 1   [ RunTime:0.002137s ]
SQL: SELECT `id`,`nickname` FROM `user_info` WHERE ( 1=1 AND id='2' ) LIMIT 1   [ RunTime:0.001990s ]
INFO: [ app_end ] --START--
INFO: Run Behavior\ShowPageTraceBehavior [ RunTime:0.001082s ]
INFO: [ app_end ] --END-- [ RunTime:0.001242s ]

[ 2014-03-18T14:56:12+08:00 ] 192.168.1.109 /collegepy/index.php/Home/PostList/postlist
INFO: [ app_init ] --START--
INFO: Run Behavior\BuildLiteBehavior [ RunTime:0.000028s ]
INFO: [ app_init ] --END-- [ RunTime:0.000505s ]
INFO: [ app_begin ] --START--
INFO: Run Behavior\ReadHtmlCacheBehavior [ RunTime:0.000643s ]
INFO: [ app_begin ] --END-- [ RunTime:0.000760s ]
SQL: SHOW COLUMNS FROM `activity_info` [ RunTime:0.003094s ]
SQL: SELECT `id`,`title`,`time`,`location`,`userid`,`createtime` FROM `activity_info` ORDER BY createtime desc LIMIT 0,30   [ RunTime:0.001142s ]
SQL: SHOW COLUMNS FROM `user_info` [ RunTime:0.004201s ]
SQL: SELECT `id`,`nickname` FROM `user_info` WHERE ( 1=1 AND id='1' ) LIMIT 1   [ RunTime:0.023153s ]
SQL: SELECT `id`,`nickname` FROM `user_info` WHERE ( 1=1 AND id='2' ) LIMIT 1   [ RunTime:0.001219s ]
SQL: SELECT `id`,`nickname` FROM `user_info` WHERE ( 1=1 AND id='2' ) LIMIT 1   [ RunTime:0.001023s ]
NOTIC: [8] Trying to get property of non-object D:\Application\wamp\www\collegepy\Application\Home\Controller\PostListController.class.php 第 21 行.
NOTIC: [8] Trying to get property of non-object D:\Application\wamp\www\collegepy\Application\Home\Controller\PostListController.class.php 第 22 行.
SQL: SHOW COLUMNS FROM `activity_info` [ RunTime:0.005786s ]
SQL: SELECT `id`,`title`,`time`,`location`,`userid`,`createtime` FROM `activity_info` ORDER BY createtime desc LIMIT 0,30   [ RunTime:0.001512s ]
SQL: SELECT `id`,`nickname` FROM `user_info` WHERE ( 1=1 AND id='1' ) LIMIT 1   [ RunTime:0.001057s ]
SQL: SELECT `id`,`nickname` FROM `user_info` WHERE ( 1=1 AND id='2' ) LIMIT 1   [ RunTime:0.001427s ]
SQL: SELECT `id`,`nickname` FROM `user_info` WHERE ( 1=1 AND id='2' ) LIMIT 1   [ RunTime:0.001281s ]
INFO: [ app_end ] --START--
INFO: Run Behavior\ShowPageTraceBehavior [ RunTime:0.000814s ]
INFO: [ app_end ] --END-- [ RunTime:0.000924s ]

[ 2014-03-18T14:57:43+08:00 ] 192.168.1.109 /collegepy/index.php/Home/PostList/postlist
INFO: [ app_init ] --START--
INFO: Run Behavior\BuildLiteBehavior [ RunTime:0.000030s ]
INFO: [ app_init ] --END-- [ RunTime:0.000530s ]
INFO: [ app_begin ] --START--
INFO: Run Behavior\ReadHtmlCacheBehavior [ RunTime:0.000702s ]
INFO: [ app_begin ] --END-- [ RunTime:0.000846s ]
SQL: SHOW COLUMNS FROM `activity_info` [ RunTime:0.008028s ]
SQL: SELECT `id`,`title`,`time`,`location`,`userid`,`createtime` FROM `activity_info` ORDER BY createtime desc LIMIT 0,30   [ RunTime:0.002632s ]
SQL: SHOW COLUMNS FROM `user_info` [ RunTime:0.006562s ]
SQL: SELECT `id`,`nickname` FROM `user_info` WHERE ( 1=1 AND id='1' ) LIMIT 1   [ RunTime:0.002926s ]
SQL: SELECT `id`,`nickname` FROM `user_info` WHERE ( 1=1 AND id='2' ) LIMIT 1   [ RunTime:0.003014s ]
SQL: SELECT `id`,`nickname` FROM `user_info` WHERE ( 1=1 AND id='2' ) LIMIT 1   [ RunTime:0.002733s ]
NOTIC: [8] Trying to get property of non-object D:\Application\wamp\www\collegepy\Application\Home\Controller\PostListController.class.php 第 21 行.
NOTIC: [8] Trying to get property of non-object D:\Application\wamp\www\collegepy\Application\Home\Controller\PostListController.class.php 第 22 行.
SQL: SHOW COLUMNS FROM `activity_info` [ RunTime:0.008456s ]
SQL: SELECT `id`,`title`,`time`,`location`,`userid`,`createtime` FROM `activity_info` ORDER BY createtime desc LIMIT 0,30   [ RunTime:0.001535s ]
SQL: SELECT `id`,`nickname` FROM `user_info` WHERE ( 1=1 AND id='1' ) LIMIT 1   [ RunTime:0.003033s ]
SQL: SELECT `id`,`nickname` FROM `user_info` WHERE ( 1=1 AND id='2' ) LIMIT 1   [ RunTime:0.002622s ]
SQL: SELECT `id`,`nickname` FROM `user_info` WHERE ( 1=1 AND id='2' ) LIMIT 1   [ RunTime:0.002366s ]
INFO: [ app_end ] --START--
INFO: Run Behavior\ShowPageTraceBehavior [ RunTime:0.001072s ]
INFO: [ app_end ] --END-- [ RunTime:0.001237s ]

[ 2014-03-18T14:58:59+08:00 ] 192.168.1.109 /collegepy/index.php/Home/PostList/postlist
INFO: [ app_init ] --START--
INFO: Run Behavior\BuildLiteBehavior [ RunTime:0.000030s ]
INFO: [ app_init ] --END-- [ RunTime:0.000591s ]
INFO: [ app_begin ] --START--
INFO: Run Behavior\ReadHtmlCacheBehavior [ RunTime:0.000881s ]
INFO: [ app_begin ] --END-- [ RunTime:0.001023s ]
SQL: SHOW COLUMNS FROM `activity_info` [ RunTime:0.003155s ]
SQL: SELECT `id`,`title`,`time`,`location`,`userid`,`createtime` FROM `activity_info` ORDER BY createtime desc LIMIT 0,30   [ RunTime:0.000381s ]
SQL: SHOW COLUMNS FROM `user_info` [ RunTime:0.002845s ]
SQL: SELECT `id`,`nickname` FROM `user_info` WHERE ( 1=1 AND id='1' ) LIMIT 1   [ RunTime:0.000291s ]
SQL: SELECT `id`,`nickname` FROM `user_info` WHERE ( 1=1 AND id='2' ) LIMIT 1   [ RunTime:0.000214s ]
SQL: SELECT `id`,`nickname` FROM `user_info` WHERE ( 1=1 AND id='2' ) LIMIT 1   [ RunTime:0.000204s ]
NOTIC: [8] Trying to get property of non-object D:\Application\wamp\www\collegepy\Application\Home\Controller\PostListController.class.php 第 21 行.
NOTIC: [8] Trying to get property of non-object D:\Application\wamp\www\collegepy\Application\Home\Controller\PostListController.class.php 第 22 行.
SQL: SHOW COLUMNS FROM `activity_info` [ RunTime:0.002837s ]
SQL: SELECT `id`,`title`,`time`,`location`,`userid`,`createtime` FROM `activity_info` ORDER BY createtime desc LIMIT 0,30   [ RunTime:0.000325s ]
SQL: SELECT `id`,`nickname` FROM `user_info` WHERE ( 1=1 AND id='1' ) LIMIT 1   [ RunTime:0.028395s ]
SQL: SELECT `id`,`nickname` FROM `user_info` WHERE ( 1=1 AND id='2' ) LIMIT 1   [ RunTime:0.000308s ]
SQL: SELECT `id`,`nickname` FROM `user_info` WHERE ( 1=1 AND id='2' ) LIMIT 1   [ RunTime:0.000246s ]
INFO: [ app_end ] --START--
INFO: Run Behavior\ShowPageTraceBehavior [ RunTime:0.001507s ]
INFO: [ app_end ] --END-- [ RunTime:0.001809s ]

[ 2014-03-18T15:03:37+08:00 ] 192.168.1.109 /collegepy/index.php/Home/PostList/postlist
INFO: [ app_init ] --START--
INFO: Run Behavior\BuildLiteBehavior [ RunTime:0.000028s ]
INFO: [ app_init ] --END-- [ RunTime:0.000553s ]
INFO: [ app_begin ] --START--
INFO: Run Behavior\ReadHtmlCacheBehavior [ RunTime:0.000822s ]
INFO: [ app_begin ] --END-- [ RunTime:0.000953s ]
SQL: SHOW COLUMNS FROM `activity_info` [ RunTime:0.021279s ]
SQL: SELECT `id`,`title`,`time`,`location`,`userid`,`createtime` FROM `activity_info` ORDER BY createtime desc LIMIT 0,30   [ RunTime:0.001998s ]
SQL: SHOW COLUMNS FROM `user_info` [ RunTime:0.004728s ]
SQL: SELECT `id`,`nickname` FROM `user_info` WHERE ( 1=1 AND id='1' ) LIMIT 1   [ RunTime:0.001837s ]
SQL: SELECT `id`,`nickname` FROM `user_info` WHERE ( 1=1 AND id='2' ) LIMIT 1   [ RunTime:0.001980s ]
SQL: SELECT `id`,`nickname` FROM `user_info` WHERE ( 1=1 AND id='2' ) LIMIT 1   [ RunTime:0.002164s ]
NOTIC: [8] Trying to get property of non-object D:\Application\wamp\www\collegepy\Application\Home\Controller\PostListController.class.php 第 21 行.
NOTIC: [8] Trying to get property of non-object D:\Application\wamp\www\collegepy\Application\Home\Controller\PostListController.class.php 第 22 行.
SQL: SHOW COLUMNS FROM `activity_info` [ RunTime:0.007287s ]
SQL: SELECT `id`,`title`,`time`,`location`,`userid`,`createtime` FROM `activity_info` ORDER BY createtime desc LIMIT 0,30   [ RunTime:0.002097s ]
SQL: SELECT `id`,`nickname` FROM `user_info` WHERE ( 1=1 AND id='1' ) LIMIT 1   [ RunTime:0.002855s ]
SQL: SELECT `id`,`nickname` FROM `user_info` WHERE ( 1=1 AND id='2' ) LIMIT 1   [ RunTime:0.002820s ]
SQL: SELECT `id`,`nickname` FROM `user_info` WHERE ( 1=1 AND id='2' ) LIMIT 1   [ RunTime:0.002479s ]
INFO: [ app_end ] --START--
INFO: Run Behavior\ShowPageTraceBehavior [ RunTime:0.001389s ]
INFO: [ app_end ] --END-- [ RunTime:0.001574s ]

[ 2014-03-18T15:04:10+08:00 ] 192.168.1.109 /collegepy/index.php/Home/PostList/postlist
INFO: [ app_init ] --START--
INFO: Run Behavior\BuildLiteBehavior [ RunTime:0.000030s ]
INFO: [ app_init ] --END-- [ RunTime:0.000697s ]
INFO: [ app_begin ] --START--
INFO: Run Behavior\ReadHtmlCacheBehavior [ RunTime:0.000654s ]
INFO: [ app_begin ] --END-- [ RunTime:0.000767s ]
SQL: SHOW COLUMNS FROM `activity_info` [ RunTime:0.004289s ]
SQL: SELECT `id`,`title`,`time`,`location`,`userid`,`createtime` FROM `activity_info` ORDER BY createtime desc LIMIT 0,30   [ RunTime:0.001389s ]
SQL: SHOW COLUMNS FROM `user_info` [ RunTime:0.004526s ]
SQL: SELECT `id`,`nickname` FROM `user_info` WHERE ( 1=1 AND id='1' ) LIMIT 1   [ RunTime:0.002766s ]
SQL: SELECT `id`,`nickname` FROM `user_info` WHERE ( 1=1 AND id='2' ) LIMIT 1   [ RunTime:0.000374s ]
SQL: SELECT `id`,`nickname` FROM `user_info` WHERE ( 1=1 AND id='2' ) LIMIT 1   [ RunTime:0.001231s ]
NOTIC: [8] Trying to get property of non-object D:\Application\wamp\www\collegepy\Application\Home\Controller\PostListController.class.php 第 21 行.
NOTIC: [8] Trying to get property of non-object D:\Application\wamp\www\collegepy\Application\Home\Controller\PostListController.class.php 第 22 行.
SQL: SHOW COLUMNS FROM `activity_info` [ RunTime:0.003955s ]
SQL: SELECT `id`,`title`,`time`,`location`,`userid`,`createtime` FROM `activity_info` ORDER BY createtime desc LIMIT 0,30   [ RunTime:0.001542s ]
SQL: SELECT `id`,`nickname` FROM `user_info` WHERE ( 1=1 AND id='1' ) LIMIT 1   [ RunTime:0.001461s ]
SQL: SELECT `id`,`nickname` FROM `user_info` WHERE ( 1=1 AND id='2' ) LIMIT 1   [ RunTime:0.001600s ]
SQL: SELECT `id`,`nickname` FROM `user_info` WHERE ( 1=1 AND id='2' ) LIMIT 1   [ RunTime:0.001347s ]
INFO: [ app_end ] --START--
INFO: Run Behavior\ShowPageTraceBehavior [ RunTime:0.000741s ]
INFO: [ app_end ] --END-- [ RunTime:0.000842s ]

[ 2014-03-18T15:09:39+08:00 ] 192.168.1.109 /collegepy/index.php/Home/PostList/postlist
INFO: [ app_init ] --START--
INFO: Run Behavior\BuildLiteBehavior [ RunTime:0.000035s ]
INFO: [ app_init ] --END-- [ RunTime:0.000701s ]
INFO: [ app_begin ] --START--
INFO: Run Behavior\ReadHtmlCacheBehavior [ RunTime:0.001062s ]
INFO: [ app_begin ] --END-- [ RunTime:0.001221s ]
SQL: SHOW COLUMNS FROM `activity_info` [ RunTime:0.004642s ]
SQL: SELECT `id`,`title`,`time`,`location`,`userid`,`createtime` FROM `activity_info` ORDER BY createtime desc LIMIT 0,30   [ RunTime:0.001870s ]
SQL: SHOW COLUMNS FROM `user_info` [ RunTime:0.004872s ]
SQL: SELECT `id`,`nickname` FROM `user_info` WHERE ( 1=1 AND id='2' ) LIMIT 1   [ RunTime:0.002333s ]
SQL: SELECT `id`,`nickname` FROM `user_info` WHERE ( 1=1 AND id='1' ) LIMIT 1   [ RunTime:0.001348s ]
SQL: SELECT `id`,`nickname` FROM `user_info` WHERE ( 1=1 AND id='2' ) LIMIT 1   [ RunTime:0.001589s ]
SQL: SELECT `id`,`nickname` FROM `user_info` WHERE ( 1=1 AND id='1' ) LIMIT 1   [ RunTime:0.001803s ]
NOTIC: [8] Trying to get property of non-object D:\Application\wamp\www\collegepy\Application\Home\Controller\PostListController.class.php 第 21 行.
NOTIC: [8] Trying to get property of non-object D:\Application\wamp\www\collegepy\Application\Home\Controller\PostListController.class.php 第 22 行.
SQL: SHOW COLUMNS FROM `activity_info` [ RunTime:0.004888s ]
SQL: SELECT `id`,`title`,`time`,`location`,`userid`,`createtime` FROM `activity_info` ORDER BY createtime desc LIMIT 0,30   [ RunTime:0.002481s ]
SQL: SELECT `id`,`nickname` FROM `user_info` WHERE ( 1=1 AND id='2' ) LIMIT 1   [ RunTime:0.001473s ]
SQL: SELECT `id`,`nickname` FROM `user_info` WHERE ( 1=1 AND id='1' ) LIMIT 1   [ RunTime:0.001499s ]
SQL: SELECT `id`,`nickname` FROM `user_info` WHERE ( 1=1 AND id='2' ) LIMIT 1   [ RunTime:0.001724s ]
SQL: SELECT `id`,`nickname` FROM `user_info` WHERE ( 1=1 AND id='1' ) LIMIT 1   [ RunTime:0.001758s ]
INFO: [ app_end ] --START--
INFO: Run Behavior\ShowPageTraceBehavior [ RunTime:0.001021s ]
INFO: [ app_end ] --END-- [ RunTime:0.001137s ]

[ 2014-03-18T15:13:50+08:00 ] 192.168.1.109 /collegepy/index.php/Home/PostList/postlist
INFO: [ app_init ] --START--
INFO: Run Behavior\BuildLiteBehavior [ RunTime:0.000038s ]
INFO: [ app_init ] --END-- [ RunTime:0.000798s ]
INFO: [ app_begin ] --START--
INFO: Run Behavior\ReadHtmlCacheBehavior [ RunTime:0.001339s ]
INFO: [ app_begin ] --END-- [ RunTime:0.001522s ]
SQL: SHOW COLUMNS FROM `activity_info` [ RunTime:0.004408s ]
SQL: SELECT `id`,`title`,`time`,`location`,`userid`,`createtime` FROM `activity_info` ORDER BY createtime desc LIMIT 0,30   [ RunTime:0.001472s ]
SQL: SHOW COLUMNS FROM `user_info` [ RunTime:0.004039s ]
SQL: SELECT `id`,`nickname` FROM `user_info` WHERE ( 1=1 AND id='2' ) LIMIT 1   [ RunTime:0.001258s ]
SQL: SELECT `id`,`nickname` FROM `user_info` WHERE ( 1=1 AND id='1' ) LIMIT 1   [ RunTime:0.001431s ]
SQL: SELECT `id`,`nickname` FROM `user_info` WHERE ( 1=1 AND id='2' ) LIMIT 1   [ RunTime:0.001188s ]
SQL: SELECT `id`,`nickname` FROM `user_info` WHERE ( 1=1 AND id='1' ) LIMIT 1   [ RunTime:0.002827s ]
NOTIC: [8] Trying to get property of non-object D:\Application\wamp\www\collegepy\Application\Home\Controller\PostListController.class.php 第 21 行.
NOTIC: [8] Trying to get property of non-object D:\Application\wamp\www\collegepy\Application\Home\Controller\PostListController.class.php 第 22 行.
SQL: SHOW COLUMNS FROM `activity_info` [ RunTime:0.003450s ]
SQL: SELECT `id`,`title`,`time`,`location`,`userid`,`createtime` FROM `activity_info` ORDER BY createtime desc LIMIT 0,30   [ RunTime:0.001496s ]
SQL: SELECT `id`,`nickname` FROM `user_info` WHERE ( 1=1 AND id='2' ) LIMIT 1   [ RunTime:0.001118s ]
SQL: SELECT `id`,`nickname` FROM `user_info` WHERE ( 1=1 AND id='1' ) LIMIT 1   [ RunTime:0.001605s ]
SQL: SELECT `id`,`nickname` FROM `user_info` WHERE ( 1=1 AND id='2' ) LIMIT 1   [ RunTime:0.001153s ]
SQL: SELECT `id`,`nickname` FROM `user_info` WHERE ( 1=1 AND id='1' ) LIMIT 1   [ RunTime:0.001276s ]
INFO: [ app_end ] --START--
INFO: Run Behavior\ShowPageTraceBehavior [ RunTime:0.000922s ]
INFO: [ app_end ] --END-- [ RunTime:0.001060s ]

[ 2014-03-18T15:14:03+08:00 ] 192.168.1.109 /collegepy/index.php/Home/PostList/postlist
INFO: [ app_init ] --START--
INFO: Run Behavior\BuildLiteBehavior [ RunTime:0.000026s ]
INFO: [ app_init ] --END-- [ RunTime:0.000454s ]
INFO: [ app_begin ] --START--
INFO: Run Behavior\ReadHtmlCacheBehavior [ RunTime:0.000621s ]
INFO: [ app_begin ] --END-- [ RunTime:0.000730s ]
SQL: SHOW COLUMNS FROM `activity_info` [ RunTime:0.003451s ]
SQL: SELECT `id`,`title`,`time`,`location`,`userid`,`createtime` FROM `activity_info` ORDER BY createtime desc LIMIT 0,30   [ RunTime:0.001011s ]
SQL: SHOW COLUMNS FROM `user_info` [ RunTime:0.003697s ]
SQL: SELECT `id`,`nickname` FROM `user_info` WHERE ( 1=1 AND id='2' ) LIMIT 1   [ RunTime:0.000744s ]
SQL: SELECT `id`,`nickname` FROM `user_info` WHERE ( 1=1 AND id='1' ) LIMIT 1   [ RunTime:0.000745s ]
SQL: SELECT `id`,`nickname` FROM `user_info` WHERE ( 1=1 AND id='2' ) LIMIT 1   [ RunTime:0.000353s ]
SQL: SELECT `id`,`nickname` FROM `user_info` WHERE ( 1=1 AND id='1' ) LIMIT 1   [ RunTime:0.000496s ]
NOTIC: [8] Trying to get property of non-object D:\Application\wamp\www\collegepy\Application\Home\Controller\PostListController.class.php 第 21 行.
NOTIC: [8] Trying to get property of non-object D:\Application\wamp\www\collegepy\Application\Home\Controller\PostListController.class.php 第 22 行.
SQL: SHOW COLUMNS FROM `activity_info` [ RunTime:0.003871s ]
SQL: SELECT `id`,`title`,`time`,`location`,`userid`,`createtime` FROM `activity_info` ORDER BY createtime desc LIMIT 0,30   [ RunTime:0.000432s ]
SQL: SELECT `id`,`nickname` FROM `user_info` WHERE ( 1=1 AND id='2' ) LIMIT 1   [ RunTime:0.000499s ]
SQL: SELECT `id`,`nickname` FROM `user_info` WHERE ( 1=1 AND id='1' ) LIMIT 1   [ RunTime:0.000467s ]
SQL: SELECT `id`,`nickname` FROM `user_info` WHERE ( 1=1 AND id='2' ) LIMIT 1   [ RunTime:0.000479s ]
SQL: SELECT `id`,`nickname` FROM `user_info` WHERE ( 1=1 AND id='1' ) LIMIT 1   [ RunTime:0.000448s ]
INFO: [ app_end ] --START--
INFO: Run Behavior\ShowPageTraceBehavior [ RunTime:0.000731s ]
INFO: [ app_end ] --END-- [ RunTime:0.000834s ]

[ 2014-03-18T15:14:04+08:00 ] 192.168.1.109 /collegepy/index.php/Home/PostList/postlist
INFO: [ app_init ] --START--
INFO: Run Behavior\BuildLiteBehavior [ RunTime:0.000038s ]
INFO: [ app_init ] --END-- [ RunTime:0.000650s ]
INFO: [ app_begin ] --START--
INFO: Run Behavior\ReadHtmlCacheBehavior [ RunTime:0.000865s ]
INFO: [ app_begin ] --END-- [ RunTime:0.001010s ]
SQL: SHOW COLUMNS FROM `activity_info` [ RunTime:0.003681s ]
SQL: SELECT `id`,`title`,`time`,`location`,`userid`,`createtime` FROM `activity_info` ORDER BY createtime desc LIMIT 0,30   [ RunTime:0.001499s ]
SQL: SHOW COLUMNS FROM `user_info` [ RunTime:0.004033s ]
SQL: SELECT `id`,`nickname` FROM `user_info` WHERE ( 1=1 AND id='2' ) LIMIT 1   [ RunTime:0.001362s ]
SQL: SELECT `id`,`nickname` FROM `user_info` WHERE ( 1=1 AND id='1' ) LIMIT 1   [ RunTime:0.001279s ]
SQL: SELECT `id`,`nickname` FROM `user_info` WHERE ( 1=1 AND id='2' ) LIMIT 1   [ RunTime:0.001028s ]
SQL: SELECT `id`,`nickname` FROM `user_info` WHERE ( 1=1 AND id='1' ) LIMIT 1   [ RunTime:0.001763s ]
NOTIC: [8] Trying to get property of non-object D:\Application\wamp\www\collegepy\Application\Home\Controller\PostListController.class.php 第 21 行.
NOTIC: [8] Trying to get property of non-object D:\Application\wamp\www\collegepy\Application\Home\Controller\PostListController.class.php 第 22 行.
SQL: SHOW COLUMNS FROM `activity_info` [ RunTime:0.004342s ]
SQL: SELECT `id`,`title`,`time`,`location`,`userid`,`createtime` FROM `activity_info` ORDER BY createtime desc LIMIT 0,30   [ RunTime:0.001356s ]
SQL: SELECT `id`,`nickname` FROM `user_info` WHERE ( 1=1 AND id='2' ) LIMIT 1   [ RunTime:0.001106s ]
SQL: SELECT `id`,`nickname` FROM `user_info` WHERE ( 1=1 AND id='1' ) LIMIT 1   [ RunTime:0.001045s ]
SQL: SELECT `id`,`nickname` FROM `user_info` WHERE ( 1=1 AND id='2' ) LIMIT 1   [ RunTime:0.001377s ]
SQL: SELECT `id`,`nickname` FROM `user_info` WHERE ( 1=1 AND id='1' ) LIMIT 1   [ RunTime:0.001054s ]
INFO: [ app_end ] --START--
INFO: Run Behavior\ShowPageTraceBehavior [ RunTime:0.000758s ]
INFO: [ app_end ] --END-- [ RunTime:0.000869s ]

[ 2014-03-18T15:18:21+08:00 ] 192.168.1.109 /collegepy/index.php/Home/PostList/postlist
INFO: [ app_init ] --START--
INFO: Run Behavior\BuildLiteBehavior [ RunTime:0.000030s ]
INFO: [ app_init ] --END-- [ RunTime:0.000542s ]
INFO: [ app_begin ] --START--
INFO: Run Behavior\ReadHtmlCacheBehavior [ RunTime:0.000807s ]
INFO: [ app_begin ] --END-- [ RunTime:0.000919s ]
SQL: SHOW COLUMNS FROM `activity_info` [ RunTime:0.004051s ]
SQL: SELECT `id`,`title`,`time`,`location`,`userid`,`createtime` FROM `activity_info` ORDER BY createtime desc LIMIT 0,30   [ RunTime:0.002113s ]
SQL: SHOW COLUMNS FROM `user_info` [ RunTime:0.003942s ]
SQL: SELECT `id`,`nickname` FROM `user_info` WHERE ( 1=1 AND id='2' ) LIMIT 1   [ RunTime:0.001188s ]
SQL: SELECT `id`,`nickname` FROM `user_info` WHERE ( 1=1 AND id='1' ) LIMIT 1   [ RunTime:0.001598s ]
SQL: SELECT `id`,`nickname` FROM `user_info` WHERE ( 1=1 AND id='2' ) LIMIT 1   [ RunTime:0.001105s ]
SQL: SELECT `id`,`nickname` FROM `user_info` WHERE ( 1=1 AND id='1' ) LIMIT 1   [ RunTime:0.001659s ]
NOTIC: [8] Trying to get property of non-object D:\Application\wamp\www\collegepy\Application\Home\Controller\PostListController.class.php 第 21 行.
NOTIC: [8] Trying to get property of non-object D:\Application\wamp\www\collegepy\Application\Home\Controller\PostListController.class.php 第 22 行.
SQL: SHOW COLUMNS FROM `activity_info` [ RunTime:0.007701s ]
SQL: SELECT `id`,`title`,`time`,`location`,`userid`,`createtime` FROM `activity_info` ORDER BY createtime desc LIMIT 0,30   [ RunTime:0.002612s ]
SQL: SELECT `id`,`nickname` FROM `user_info` WHERE ( 1=1 AND id='2' ) LIMIT 1   [ RunTime:0.001223s ]
SQL: SELECT `id`,`nickname` FROM `user_info` WHERE ( 1=1 AND id='1' ) LIMIT 1   [ RunTime:0.002354s ]
SQL: SELECT `id`,`nickname` FROM `user_info` WHERE ( 1=1 AND id='2' ) LIMIT 1   [ RunTime:0.001012s ]
SQL: SELECT `id`,`nickname` FROM `user_info` WHERE ( 1=1 AND id='1' ) LIMIT 1   [ RunTime:0.001539s ]
INFO: [ app_end ] --START--
INFO: Run Behavior\ShowPageTraceBehavior [ RunTime:0.001166s ]
INFO: [ app_end ] --END-- [ RunTime:0.001292s ]

[ 2014-03-18T15:19:32+08:00 ] 192.168.1.109 /collegepy/index.php/Home/PostList/postlist
INFO: [ app_init ] --START--
INFO: Run Behavior\BuildLiteBehavior [ RunTime:0.000027s ]
INFO: [ app_init ] --END-- [ RunTime:0.000478s ]
INFO: [ app_begin ] --START--
INFO: Run Behavior\ReadHtmlCacheBehavior [ RunTime:0.000639s ]
INFO: [ app_begin ] --END-- [ RunTime:0.000752s ]
SQL: SHOW COLUMNS FROM `activity_info` [ RunTime:0.003342s ]
SQL: SELECT `id`,`title`,`time`,`location`,`userid`,`createtime` FROM `activity_info` ORDER BY createtime desc LIMIT 0,30   [ RunTime:0.000587s ]
SQL: SHOW COLUMNS FROM `user_info` [ RunTime:0.002998s ]
SQL: SELECT `id`,`nickname` FROM `user_info` WHERE ( 1=1 AND id='2' ) LIMIT 1   [ RunTime:0.000480s ]
SQL: SELECT `id`,`nickname` FROM `user_info` WHERE ( 1=1 AND id='1' ) LIMIT 1   [ RunTime:0.014634s ]
SQL: SELECT `id`,`nickname` FROM `user_info` WHERE ( 1=1 AND id='2' ) LIMIT 1   [ RunTime:0.000475s ]
SQL: SELECT `id`,`nickname` FROM `user_info` WHERE ( 1=1 AND id='1' ) LIMIT 1   [ RunTime:0.000337s ]
NOTIC: [8] Trying to get property of non-object D:\Application\wamp\www\collegepy\Application\Home\Controller\PostListController.class.php 第 21 行.
NOTIC: [8] Trying to get property of non-object D:\Application\wamp\www\collegepy\Application\Home\Controller\PostListController.class.php 第 22 行.
SQL: SHOW COLUMNS FROM `activity_info` [ RunTime:0.003058s ]
SQL: SELECT `id`,`title`,`time`,`location`,`userid`,`createtime` FROM `activity_info` ORDER BY createtime desc LIMIT 0,30   [ RunTime:0.000502s ]
SQL: SELECT `id`,`nickname` FROM `user_info` WHERE ( 1=1 AND id='2' ) LIMIT 1   [ RunTime:0.000362s ]
SQL: SELECT `id`,`nickname` FROM `user_info` WHERE ( 1=1 AND id='1' ) LIMIT 1   [ RunTime:0.000321s ]
SQL: SELECT `id`,`nickname` FROM `user_info` WHERE ( 1=1 AND id='2' ) LIMIT 1   [ RunTime:0.000469s ]
SQL: SELECT `id`,`nickname` FROM `user_info` WHERE ( 1=1 AND id='1' ) LIMIT 1   [ RunTime:0.000378s ]
INFO: [ app_end ] --START--
INFO: Run Behavior\ShowPageTraceBehavior [ RunTime:0.000753s ]
INFO: [ app_end ] --END-- [ RunTime:0.000853s ]

[ 2014-03-18T15:19:38+08:00 ] 192.168.1.109 /collegepy/index.php/Home/PostList/postlist
INFO: [ app_init ] --START--
INFO: Run Behavior\BuildLiteBehavior [ RunTime:0.000028s ]
INFO: [ app_init ] --END-- [ RunTime:0.000525s ]
INFO: [ app_begin ] --START--
INFO: Run Behavior\ReadHtmlCacheBehavior [ RunTime:0.001182s ]
INFO: [ app_begin ] --END-- [ RunTime:0.001356s ]
SQL: SHOW COLUMNS FROM `activity_info` [ RunTime:0.003713s ]
SQL: SELECT `id`,`title`,`time`,`location`,`userid`,`createtime` FROM `activity_info` ORDER BY createtime desc LIMIT 0,30   [ RunTime:0.000782s ]
SQL: SHOW COLUMNS FROM `user_info` [ RunTime:0.003914s ]
SQL: SELECT `id`,`nickname` FROM `user_info` WHERE ( 1=1 AND id='2' ) LIMIT 1   [ RunTime:0.000684s ]
SQL: SELECT `id`,`nickname` FROM `user_info` WHERE ( 1=1 AND id='1' ) LIMIT 1   [ RunTime:0.000545s ]
SQL: SELECT `id`,`nickname` FROM `user_info` WHERE ( 1=1 AND id='2' ) LIMIT 1   [ RunTime:0.000548s ]
SQL: SELECT `id`,`nickname` FROM `user_info` WHERE ( 1=1 AND id='1' ) LIMIT 1   [ RunTime:0.000538s ]
NOTIC: [8] Trying to get property of non-object D:\Application\wamp\www\collegepy\Application\Home\Controller\PostListController.class.php 第 21 行.
NOTIC: [8] Trying to get property of non-object D:\Application\wamp\www\collegepy\Application\Home\Controller\PostListController.class.php 第 22 行.
SQL: SHOW COLUMNS FROM `activity_info` [ RunTime:0.003326s ]
SQL: SELECT `id`,`title`,`time`,`location`,`userid`,`createtime` FROM `activity_info` ORDER BY createtime desc LIMIT 0,30   [ RunTime:0.001012s ]
SQL: SELECT `id`,`nickname` FROM `user_info` WHERE ( 1=1 AND id='2' ) LIMIT 1   [ RunTime:0.000922s ]
SQL: SELECT `id`,`nickname` FROM `user_info` WHERE ( 1=1 AND id='1' ) LIMIT 1   [ RunTime:0.000555s ]
SQL: SELECT `id`,`nickname` FROM `user_info` WHERE ( 1=1 AND id='2' ) LIMIT 1   [ RunTime:0.000530s ]
SQL: SELECT `id`,`nickname` FROM `user_info` WHERE ( 1=1 AND id='1' ) LIMIT 1   [ RunTime:0.000527s ]
INFO: [ app_end ] --START--
INFO: Run Behavior\ShowPageTraceBehavior [ RunTime:0.000925s ]
INFO: [ app_end ] --END-- [ RunTime:0.001027s ]

