[ 2014-02-27T13:39:04+08:00 ] 127.0.0.1 /collegepy/index.php/Home/Index/activity
INFO: [ app_init ] --START--
INFO: Run Behavior\BuildLiteBehavior [ RunTime:0.000061s ]
INFO: [ app_init ] --END-- [ RunTime:0.015858s ]
INFO: [ app_begin ] --START--
INFO: Run Behavior\ReadHtmlCacheBehavior [ RunTime:0.020021s ]
INFO: [ app_begin ] --END-- [ RunTime:0.020295s ]

[ 2014-02-27T13:39:04+08:00 ] 127.0.0.1 /collegepy/index.php/Home/Index/activity
INFO: [ app_init ] --START--
INFO: Run Behavior\BuildLiteBehavior [ RunTime:0.000036s ]
INFO: [ app_init ] --END-- [ RunTime:0.000692s ]
INFO: [ app_begin ] --START--
INFO: Run Behavior\ReadHtmlCacheBehavior [ RunTime:0.001217s ]
INFO: [ app_begin ] --END-- [ RunTime:0.001373s ]

[ 2014-02-27T13:39:32+08:00 ] 127.0.0.1 /collegepy/index.php/Home/Index/activity
INFO: [ app_init ] --START--
INFO: Run Behavior\BuildLiteBehavior [ RunTime:0.000028s ]
INFO: [ app_init ] --END-- [ RunTime:0.000597s ]
INFO: [ app_begin ] --START--
INFO: Run Behavior\ReadHtmlCacheBehavior [ RunTime:0.001048s ]
INFO: [ app_begin ] --END-- [ RunTime:0.001172s ]

[ 2014-02-27T13:39:37+08:00 ] 127.0.0.1 /collegepy/index.php/Home/Index/activity
INFO: [ app_init ] --START--
INFO: Run Behavior\BuildLiteBehavior [ RunTime:0.000036s ]
INFO: [ app_init ] --END-- [ RunTime:0.000672s ]
INFO: [ app_begin ] --START--
INFO: Run Behavior\ReadHtmlCacheBehavior [ RunTime:0.001134s ]
INFO: [ app_begin ] --END-- [ RunTime:0.001270s ]

[ 2014-02-27T13:40:45+08:00 ] 127.0.0.1 /collegepy/index.php/Home/Index/activity
INFO: [ app_init ] --START--
INFO: Run Behavior\BuildLiteBehavior [ RunTime:0.000031s ]
INFO: [ app_init ] --END-- [ RunTime:0.000657s ]
INFO: [ app_begin ] --START--
INFO: Run Behavior\ReadHtmlCacheBehavior [ RunTime:0.001324s ]
INFO: [ app_begin ] --END-- [ RunTime:0.001459s ]
NOTIC: [8] Undefined index: type D:\Application\wamp\www\collegepy\Application\Home\Controller\IndexController.class.php 第 32 行.
SQL: SHOW COLUMNS FROM `activity_info` [ RunTime:0.193893s ]
SQL: SELECT * FROM `activity_info` WHERE ( id<5 )  [ RunTime:0.027981s ]
INFO: [ view_parse ] --START--
INFO: [ template_filter ] --START--
INFO: Run Behavior\ContentReplaceBehavior [ RunTime:0.000069s ]
INFO: [ template_filter ] --END-- [ RunTime:0.000211s ]
INFO: Run Behavior\ParseTemplateBehavior [ RunTime:0.236754s ]
INFO: [ view_parse ] --END-- [ RunTime:0.237003s ]
INFO: [ view_filter ] --START--
INFO: Run Behavior\WriteHtmlCacheBehavior [ RunTime:0.027993s ]
INFO: [ view_filter ] --END-- [ RunTime:0.028136s ]
INFO: [ app_end ] --START--
INFO: Run Behavior\ShowPageTraceBehavior [ RunTime:0.018027s ]
INFO: [ app_end ] --END-- [ RunTime:0.018155s ]

[ 2014-02-27T16:17:32+08:00 ] 192.168.1.113 /collegepy/
INFO: [ app_init ] --START--
INFO: Run Behavior\BuildLiteBehavior [ RunTime:0.000033s ]
INFO: [ app_init ] --END-- [ RunTime:0.018188s ]
INFO: [ app_begin ] --START--
INFO: Run Behavior\ReadHtmlCacheBehavior [ RunTime:0.018713s ]
INFO: [ app_begin ] --END-- [ RunTime:0.018868s ]
INFO: [ view_parse ] --START--
INFO: [ template_filter ] --START--
INFO: Run Behavior\ContentReplaceBehavior [ RunTime:0.000117s ]
INFO: [ template_filter ] --END-- [ RunTime:0.000279s ]
NOTIC: [8] Undefined variable: aListJson D:\Application\wamp\www\collegepy\Application\Runtime\Cache\Home\2a94b8bda04ff446dcedd42276fc99ee.php 第 6 行.
INFO: Run Behavior\ParseTemplateBehavior [ RunTime:0.313664s ]
INFO: [ view_parse ] --END-- [ RunTime:0.313921s ]
INFO: [ view_filter ] --START--
INFO: Run Behavior\WriteHtmlCacheBehavior [ RunTime:0.025577s ]
INFO: [ view_filter ] --END-- [ RunTime:0.025767s ]
INFO: [ app_end ] --START--
INFO: Run Behavior\ShowPageTraceBehavior [ RunTime:0.032112s ]
INFO: [ app_end ] --END-- [ RunTime:0.032275s ]

[ 2014-02-27T16:17:32+08:00 ] 192.168.1.113 /collegepy/
INFO: [ app_init ] --START--
INFO: Run Behavior\BuildLiteBehavior [ RunTime:0.000033s ]
INFO: [ app_init ] --END-- [ RunTime:0.018387s ]
INFO: [ app_begin ] --START--
INFO: Run Behavior\ReadHtmlCacheBehavior [ RunTime:0.017414s ]
INFO: [ app_begin ] --END-- [ RunTime:0.017573s ]
INFO: [ view_parse ] --START--
INFO: [ template_filter ] --START--
INFO: Run Behavior\ContentReplaceBehavior [ RunTime:0.000080s ]
INFO: [ template_filter ] --END-- [ RunTime:0.000272s ]
NOTIC: [8] Undefined variable: aListJson D:\Application\wamp\www\collegepy\Application\Runtime\Cache\Home\2a94b8bda04ff446dcedd42276fc99ee.php 第 6 行.
INFO: Run Behavior\ParseTemplateBehavior [ RunTime:0.320066s ]
INFO: [ view_parse ] --END-- [ RunTime:0.320321s ]
INFO: [ view_filter ] --START--
INFO: Run Behavior\WriteHtmlCacheBehavior [ RunTime:0.015114s ]
INFO: [ view_filter ] --END-- [ RunTime:0.015656s ]
INFO: [ app_end ] --START--
INFO: Run Behavior\ShowPageTraceBehavior [ RunTime:0.024378s ]
INFO: [ app_end ] --END-- [ RunTime:0.024582s ]

[ 2014-02-27T16:17:35+08:00 ] 192.168.1.113 /collegepy/
INFO: [ app_init ] --START--
INFO: Run Behavior\BuildLiteBehavior [ RunTime:0.000042s ]
INFO: [ app_init ] --END-- [ RunTime:0.000551s ]
INFO: [ app_begin ] --START--
INFO: Run Behavior\ReadHtmlCacheBehavior [ RunTime:0.000678s ]
INFO: [ app_begin ] --END-- [ RunTime:0.000842s ]
INFO: [ view_parse ] --START--
INFO: [ template_filter ] --START--
INFO: Run Behavior\ContentReplaceBehavior [ RunTime:0.000054s ]
INFO: [ template_filter ] --END-- [ RunTime:0.000169s ]
NOTIC: [8] Undefined variable: aListJson D:\Application\wamp\www\collegepy\Application\Runtime\Cache\Home\2a94b8bda04ff446dcedd42276fc99ee.php 第 6 行.
INFO: Run Behavior\ParseTemplateBehavior [ RunTime:0.006685s ]
INFO: [ view_parse ] --END-- [ RunTime:0.006793s ]
INFO: [ view_filter ] --START--
INFO: Run Behavior\WriteHtmlCacheBehavior [ RunTime:0.000534s ]
INFO: [ view_filter ] --END-- [ RunTime:0.000635s ]
INFO: [ app_end ] --START--
INFO: Run Behavior\ShowPageTraceBehavior [ RunTime:0.000847s ]
INFO: [ app_end ] --END-- [ RunTime:0.000946s ]

[ 2014-02-27T16:17:35+08:00 ] 192.168.1.113 /collegepy/
INFO: [ app_init ] --START--
INFO: Run Behavior\BuildLiteBehavior [ RunTime:0.000034s ]
INFO: [ app_init ] --END-- [ RunTime:0.000540s ]
INFO: [ app_begin ] --START--
INFO: Run Behavior\ReadHtmlCacheBehavior [ RunTime:0.000681s ]
INFO: [ app_begin ] --END-- [ RunTime:0.000817s ]
INFO: [ view_parse ] --START--
INFO: [ template_filter ] --START--
INFO: Run Behavior\ContentReplaceBehavior [ RunTime:0.000060s ]
INFO: [ template_filter ] --END-- [ RunTime:0.000186s ]
NOTIC: [8] Undefined variable: aListJson D:\Application\wamp\www\collegepy\Application\Runtime\Cache\Home\2a94b8bda04ff446dcedd42276fc99ee.php 第 6 行.
INFO: Run Behavior\ParseTemplateBehavior [ RunTime:0.007488s ]
INFO: [ view_parse ] --END-- [ RunTime:0.007615s ]
INFO: [ view_filter ] --START--
INFO: Run Behavior\WriteHtmlCacheBehavior [ RunTime:0.000617s ]
INFO: [ view_filter ] --END-- [ RunTime:0.000730s ]
INFO: [ app_end ] --START--
INFO: Run Behavior\ShowPageTraceBehavior [ RunTime:0.001002s ]
INFO: [ app_end ] --END-- [ RunTime:0.001111s ]

[ 2014-02-27T16:17:36+08:00 ] 192.168.1.113 /collegepy/
INFO: [ app_init ] --START--
INFO: Run Behavior\BuildLiteBehavior [ RunTime:0.000030s ]
INFO: [ app_init ] --END-- [ RunTime:0.000470s ]
INFO: [ app_begin ] --START--
INFO: Run Behavior\ReadHtmlCacheBehavior [ RunTime:0.000620s ]
INFO: [ app_begin ] --END-- [ RunTime:0.000741s ]
INFO: [ view_parse ] --START--
INFO: [ template_filter ] --START--
INFO: Run Behavior\ContentReplaceBehavior [ RunTime:0.000054s ]
INFO: [ template_filter ] --END-- [ RunTime:0.000167s ]
NOTIC: [8] Undefined variable: aListJson D:\Application\wamp\www\collegepy\Application\Runtime\Cache\Home\2a94b8bda04ff446dcedd42276fc99ee.php 第 6 行.
INFO: Run Behavior\ParseTemplateBehavior [ RunTime:0.006635s ]
INFO: [ view_parse ] --END-- [ RunTime:0.006744s ]
INFO: [ view_filter ] --START--
INFO: Run Behavior\WriteHtmlCacheBehavior [ RunTime:0.000523s ]
INFO: [ view_filter ] --END-- [ RunTime:0.000621s ]
INFO: [ app_end ] --START--
INFO: Run Behavior\ShowPageTraceBehavior [ RunTime:0.000843s ]
INFO: [ app_end ] --END-- [ RunTime:0.000940s ]

[ 2014-02-27T16:17:36+08:00 ] 192.168.1.113 /collegepy/
INFO: [ app_init ] --START--
INFO: Run Behavior\BuildLiteBehavior [ RunTime:0.000031s ]
INFO: [ app_init ] --END-- [ RunTime:0.000519s ]
INFO: [ app_begin ] --START--
INFO: Run Behavior\ReadHtmlCacheBehavior [ RunTime:0.000607s ]
INFO: [ app_begin ] --END-- [ RunTime:0.000731s ]
INFO: [ view_parse ] --START--
INFO: [ template_filter ] --START--
INFO: Run Behavior\ContentReplaceBehavior [ RunTime:0.000053s ]
INFO: [ template_filter ] --END-- [ RunTime:0.000164s ]
NOTIC: [8] Undefined variable: aListJson D:\Application\wamp\www\collegepy\Application\Runtime\Cache\Home\2a94b8bda04ff446dcedd42276fc99ee.php 第 6 行.
INFO: Run Behavior\ParseTemplateBehavior [ RunTime:0.006514s ]
INFO: [ view_parse ] --END-- [ RunTime:0.006625s ]
INFO: [ view_filter ] --START--
INFO: Run Behavior\WriteHtmlCacheBehavior [ RunTime:0.000526s ]
INFO: [ view_filter ] --END-- [ RunTime:0.000624s ]
INFO: [ app_end ] --START--
INFO: Run Behavior\ShowPageTraceBehavior [ RunTime:0.000831s ]
INFO: [ app_end ] --END-- [ RunTime:0.000930s ]

[ 2014-02-27T16:17:36+08:00 ] 192.168.1.113 /collegepy/
INFO: [ app_init ] --START--
INFO: Run Behavior\BuildLiteBehavior [ RunTime:0.000030s ]
INFO: [ app_init ] --END-- [ RunTime:0.000477s ]
INFO: [ app_begin ] --START--
INFO: Run Behavior\ReadHtmlCacheBehavior [ RunTime:0.000644s ]
INFO: [ app_begin ] --END-- [ RunTime:0.000774s ]
INFO: [ view_parse ] --START--
INFO: [ template_filter ] --START--
INFO: Run Behavior\ContentReplaceBehavior [ RunTime:0.000078s ]
INFO: [ template_filter ] --END-- [ RunTime:0.000196s ]
NOTIC: [8] Undefined variable: aListJson D:\Application\wamp\www\collegepy\Application\Runtime\Cache\Home\2a94b8bda04ff446dcedd42276fc99ee.php 第 6 行.
INFO: Run Behavior\ParseTemplateBehavior [ RunTime:0.006852s ]
INFO: [ view_parse ] --END-- [ RunTime:0.006968s ]
INFO: [ view_filter ] --START--
INFO: Run Behavior\WriteHtmlCacheBehavior [ RunTime:0.000521s ]
INFO: [ view_filter ] --END-- [ RunTime:0.000619s ]
INFO: [ app_end ] --START--
INFO: Run Behavior\ShowPageTraceBehavior [ RunTime:0.000828s ]
INFO: [ app_end ] --END-- [ RunTime:0.000938s ]

[ 2014-02-27T16:17:43+08:00 ] 192.168.1.113 /collegepy/index.php/Home/Index/activity
INFO: [ app_init ] --START--
INFO: Run Behavior\BuildLiteBehavior [ RunTime:0.000031s ]
INFO: [ app_init ] --END-- [ RunTime:0.000528s ]
INFO: [ app_begin ] --START--
INFO: Run Behavior\ReadHtmlCacheBehavior [ RunTime:0.000889s ]
INFO: [ app_begin ] --END-- [ RunTime:0.001173s ]
NOTIC: [8] Undefined index: type D:\Application\wamp\www\collegepy\Application\Home\Controller\IndexController.class.php 第 32 行.
SQL: SHOW COLUMNS FROM `activity_info` [ RunTime:0.425751s ]
SQL: SELECT * FROM `activity_info` WHERE ( id<5 )  [ RunTime:0.018094s ]
INFO: [ view_parse ] --START--
INFO: [ template_filter ] --START--
INFO: Run Behavior\ContentReplaceBehavior [ RunTime:0.000058s ]
INFO: [ template_filter ] --END-- [ RunTime:0.000181s ]
INFO: Run Behavior\ParseTemplateBehavior [ RunTime:0.007097s ]
INFO: [ view_parse ] --END-- [ RunTime:0.007214s ]
INFO: [ view_filter ] --START--
INFO: Run Behavior\WriteHtmlCacheBehavior [ RunTime:0.000515s ]
INFO: [ view_filter ] --END-- [ RunTime:0.000608s ]
INFO: [ app_end ] --START--
INFO: Run Behavior\ShowPageTraceBehavior [ RunTime:0.000845s ]
INFO: [ app_end ] --END-- [ RunTime:0.000957s ]

[ 2014-02-27T16:51:43+08:00 ] 192.168.1.113 /collegepy/index.php/Home/Index/activity
INFO: [ app_init ] --START--
INFO: Run Behavior\BuildLiteBehavior [ RunTime:0.000034s ]
INFO: [ app_init ] --END-- [ RunTime:0.000602s ]
INFO: [ app_begin ] --START--
INFO: Run Behavior\ReadHtmlCacheBehavior [ RunTime:0.000926s ]
INFO: [ app_begin ] --END-- [ RunTime:0.001063s ]
NOTIC: [8] Undefined index: type D:\Application\wamp\www\collegepy\Application\Home\Controller\IndexController.class.php 第 32 行.
SQL: SHOW COLUMNS FROM `activity_info` [ RunTime:0.062838s ]
SQL: SELECT * FROM `activity_info` WHERE ( id<5 )  [ RunTime:0.001039s ]
INFO: [ view_parse ] --START--
INFO: [ template_filter ] --START--
INFO: Run Behavior\ContentReplaceBehavior [ RunTime:0.000055s ]
INFO: [ template_filter ] --END-- [ RunTime:0.000173s ]
INFO: Run Behavior\ParseTemplateBehavior [ RunTime:0.008294s ]
INFO: [ view_parse ] --END-- [ RunTime:0.008422s ]
INFO: [ view_filter ] --START--
INFO: Run Behavior\WriteHtmlCacheBehavior [ RunTime:0.000455s ]
INFO: [ view_filter ] --END-- [ RunTime:0.000552s ]
INFO: [ app_end ] --START--
INFO: Run Behavior\ShowPageTraceBehavior [ RunTime:0.000767s ]
INFO: [ app_end ] --END-- [ RunTime:0.000861s ]

[ 2014-02-27T16:51:44+08:00 ] 192.168.1.113 /collegepy/index.php/Home/Index/activity
INFO: [ app_init ] --START--
INFO: Run Behavior\BuildLiteBehavior [ RunTime:0.000034s ]
INFO: [ app_init ] --END-- [ RunTime:0.000521s ]
INFO: [ app_begin ] --START--
INFO: Run Behavior\ReadHtmlCacheBehavior [ RunTime:0.000704s ]
INFO: [ app_begin ] --END-- [ RunTime:0.000846s ]
NOTIC: [8] Undefined index: type D:\Application\wamp\www\collegepy\Application\Home\Controller\IndexController.class.php 第 32 行.
SQL: SHOW COLUMNS FROM `activity_info` [ RunTime:0.051804s ]
SQL: SELECT * FROM `activity_info` WHERE ( id<5 )  [ RunTime:0.004768s ]
INFO: [ view_parse ] --START--
INFO: [ template_filter ] --START--
INFO: Run Behavior\ContentReplaceBehavior [ RunTime:0.000061s ]
INFO: [ template_filter ] --END-- [ RunTime:0.000192s ]
INFO: Run Behavior\ParseTemplateBehavior [ RunTime:0.008894s ]
INFO: [ view_parse ] --END-- [ RunTime:0.009020s ]
INFO: [ view_filter ] --START--
INFO: Run Behavior\WriteHtmlCacheBehavior [ RunTime:0.000312s ]
INFO: [ view_filter ] --END-- [ RunTime:0.000415s ]
INFO: [ app_end ] --START--
INFO: Run Behavior\ShowPageTraceBehavior [ RunTime:0.000768s ]
INFO: [ app_end ] --END-- [ RunTime:0.000888s ]

[ 2014-02-27T16:51:45+08:00 ] 192.168.1.113 /collegepy/index.php/Home/Index/activity
INFO: [ app_init ] --START--
INFO: Run Behavior\BuildLiteBehavior [ RunTime:0.000030s ]
INFO: [ app_init ] --END-- [ RunTime:0.000461s ]
INFO: [ app_begin ] --START--
INFO: Run Behavior\ReadHtmlCacheBehavior [ RunTime:0.000643s ]
INFO: [ app_begin ] --END-- [ RunTime:0.000762s ]
NOTIC: [8] Undefined index: type D:\Application\wamp\www\collegepy\Application\Home\Controller\IndexController.class.php 第 32 行.
SQL: SHOW COLUMNS FROM `activity_info` [ RunTime:0.016292s ]
SQL: SELECT * FROM `activity_info` WHERE ( id<5 )  [ RunTime:0.000969s ]
INFO: [ view_parse ] --START--
INFO: [ template_filter ] --START--
INFO: Run Behavior\ContentReplaceBehavior [ RunTime:0.000052s ]
INFO: [ template_filter ] --END-- [ RunTime:0.000161s ]
INFO: Run Behavior\ParseTemplateBehavior [ RunTime:0.006331s ]
INFO: [ view_parse ] --END-- [ RunTime:0.006437s ]
INFO: [ view_filter ] --START--
INFO: Run Behavior\WriteHtmlCacheBehavior [ RunTime:0.000266s ]
INFO: [ view_filter ] --END-- [ RunTime:0.000356s ]
INFO: [ app_end ] --START--
INFO: Run Behavior\ShowPageTraceBehavior [ RunTime:0.000713s ]
INFO: [ app_end ] --END-- [ RunTime:0.000810s ]

[ 2014-02-27T16:51:46+08:00 ] 192.168.1.113 /collegepy/index.php/Home/Index/activity
INFO: [ app_init ] --START--
INFO: Run Behavior\BuildLiteBehavior [ RunTime:0.000049s ]
INFO: [ app_init ] --END-- [ RunTime:0.000863s ]
INFO: [ app_begin ] --START--
INFO: Run Behavior\ReadHtmlCacheBehavior [ RunTime:0.000801s ]
INFO: [ app_begin ] --END-- [ RunTime:0.000933s ]
NOTIC: [8] Undefined index: type D:\Application\wamp\www\collegepy\Application\Home\Controller\IndexController.class.php 第 32 行.
SQL: SHOW COLUMNS FROM `activity_info` [ RunTime:0.030406s ]
SQL: SELECT * FROM `activity_info` WHERE ( id<5 )  [ RunTime:0.001650s ]
INFO: [ view_parse ] --START--
INFO: [ template_filter ] --START--
INFO: Run Behavior\ContentReplaceBehavior [ RunTime:0.000063s ]
INFO: [ template_filter ] --END-- [ RunTime:0.000206s ]
INFO: Run Behavior\ParseTemplateBehavior [ RunTime:0.008607s ]
INFO: [ view_parse ] --END-- [ RunTime:0.008749s ]
INFO: [ view_filter ] --START--
INFO: Run Behavior\WriteHtmlCacheBehavior [ RunTime:0.000301s ]
INFO: [ view_filter ] --END-- [ RunTime:0.000461s ]
INFO: [ app_end ] --START--
INFO: Run Behavior\ShowPageTraceBehavior [ RunTime:0.000714s ]
INFO: [ app_end ] --END-- [ RunTime:0.000814s ]

[ 2014-02-27T16:51:46+08:00 ] 192.168.1.113 /collegepy/index.php/Home/Index/activity
INFO: [ app_init ] --START--
INFO: Run Behavior\BuildLiteBehavior [ RunTime:0.000033s ]
INFO: [ app_init ] --END-- [ RunTime:0.000505s ]
INFO: [ app_begin ] --START--
INFO: Run Behavior\ReadHtmlCacheBehavior [ RunTime:0.001248s ]
INFO: [ app_begin ] --END-- [ RunTime:0.001386s ]
NOTIC: [8] Undefined index: type D:\Application\wamp\www\collegepy\Application\Home\Controller\IndexController.class.php 第 32 行.
SQL: SHOW COLUMNS FROM `activity_info` [ RunTime:0.003595s ]
SQL: SELECT * FROM `activity_info` WHERE ( id<5 )  [ RunTime:0.002276s ]
INFO: [ view_parse ] --START--
INFO: [ template_filter ] --START--
INFO: Run Behavior\ContentReplaceBehavior [ RunTime:0.000056s ]
INFO: [ template_filter ] --END-- [ RunTime:0.000171s ]
INFO: Run Behavior\ParseTemplateBehavior [ RunTime:0.008141s ]
INFO: [ view_parse ] --END-- [ RunTime:0.008269s ]
INFO: [ view_filter ] --START--
INFO: Run Behavior\WriteHtmlCacheBehavior [ RunTime:0.000379s ]
INFO: [ view_filter ] --END-- [ RunTime:0.000508s ]
INFO: [ app_end ] --START--
INFO: Run Behavior\ShowPageTraceBehavior [ RunTime:0.000849s ]
INFO: [ app_end ] --END-- [ RunTime:0.000963s ]

[ 2014-02-27T16:52:17+08:00 ] 192.168.1.113 /collegepy/
INFO: [ app_init ] --START--
INFO: Run Behavior\BuildLiteBehavior [ RunTime:0.000033s ]
INFO: [ app_init ] --END-- [ RunTime:0.000557s ]
INFO: [ app_begin ] --START--
INFO: Run Behavior\ReadHtmlCacheBehavior [ RunTime:0.000960s ]
INFO: [ app_begin ] --END-- [ RunTime:0.001134s ]
INFO: [ view_parse ] --START--
INFO: [ template_filter ] --START--
INFO: Run Behavior\ContentReplaceBehavior [ RunTime:0.000051s ]
INFO: [ template_filter ] --END-- [ RunTime:0.000163s ]
NOTIC: [8] Undefined variable: aListJson D:\Application\wamp\www\collegepy\Application\Runtime\Cache\Home\2a94b8bda04ff446dcedd42276fc99ee.php 第 6 行.
INFO: Run Behavior\ParseTemplateBehavior [ RunTime:0.008640s ]
INFO: [ view_parse ] --END-- [ RunTime:0.008777s ]
INFO: [ view_filter ] --START--
INFO: Run Behavior\WriteHtmlCacheBehavior [ RunTime:0.000272s ]
INFO: [ view_filter ] --END-- [ RunTime:0.000360s ]
INFO: [ app_end ] --START--
INFO: Run Behavior\ShowPageTraceBehavior [ RunTime:0.000665s ]
INFO: [ app_end ] --END-- [ RunTime:0.000758s ]

[ 2014-02-27T16:52:51+08:00 ] 192.168.1.113 /collegepy/
INFO: [ app_init ] --START--
INFO: Run Behavior\BuildLiteBehavior [ RunTime:0.000034s ]
INFO: [ app_init ] --END-- [ RunTime:0.000553s ]
INFO: [ app_begin ] --START--
INFO: Run Behavior\ReadHtmlCacheBehavior [ RunTime:0.000622s ]
INFO: [ app_begin ] --END-- [ RunTime:0.000763s ]
INFO: [ view_parse ] --START--
INFO: [ template_filter ] --START--
INFO: Run Behavior\ContentReplaceBehavior [ RunTime:0.000051s ]
INFO: [ template_filter ] --END-- [ RunTime:0.000158s ]
NOTIC: [8] Undefined variable: aListJson D:\Application\wamp\www\collegepy\Application\Runtime\Cache\Home\2a94b8bda04ff446dcedd42276fc99ee.php 第 6 行.
INFO: Run Behavior\ParseTemplateBehavior [ RunTime:0.006497s ]
INFO: [ view_parse ] --END-- [ RunTime:0.006595s ]
INFO: [ view_filter ] --START--
INFO: Run Behavior\WriteHtmlCacheBehavior [ RunTime:0.000267s ]
INFO: [ view_filter ] --END-- [ RunTime:0.000355s ]
INFO: [ app_end ] --START--
INFO: Run Behavior\ShowPageTraceBehavior [ RunTime:0.000703s ]
INFO: [ app_end ] --END-- [ RunTime:0.000797s ]

[ 2014-02-27T16:52:53+08:00 ] 192.168.1.113 /collegepy/
INFO: [ app_init ] --START--
INFO: Run Behavior\BuildLiteBehavior [ RunTime:0.000034s ]
INFO: [ app_init ] --END-- [ RunTime:0.000541s ]
INFO: [ app_begin ] --START--
INFO: Run Behavior\ReadHtmlCacheBehavior [ RunTime:0.000652s ]
INFO: [ app_begin ] --END-- [ RunTime:0.001012s ]
INFO: [ view_parse ] --START--
INFO: [ template_filter ] --START--
INFO: Run Behavior\ContentReplaceBehavior [ RunTime:0.000051s ]
INFO: [ template_filter ] --END-- [ RunTime:0.000158s ]
NOTIC: [8] Undefined variable: aListJson D:\Application\wamp\www\collegepy\Application\Runtime\Cache\Home\2a94b8bda04ff446dcedd42276fc99ee.php 第 6 行.
INFO: Run Behavior\ParseTemplateBehavior [ RunTime:0.006169s ]
INFO: [ view_parse ] --END-- [ RunTime:0.006272s ]
INFO: [ view_filter ] --START--
INFO: Run Behavior\WriteHtmlCacheBehavior [ RunTime:0.000304s ]
INFO: [ view_filter ] --END-- [ RunTime:0.000394s ]
INFO: [ app_end ] --START--
INFO: Run Behavior\ShowPageTraceBehavior [ RunTime:0.000707s ]
INFO: [ app_end ] --END-- [ RunTime:0.000813s ]

[ 2014-02-27T16:55:05+08:00 ] 192.168.1.113 /collegepy/
INFO: [ app_init ] --START--
INFO: Run Behavior\BuildLiteBehavior [ RunTime:0.000036s ]
INFO: [ app_init ] --END-- [ RunTime:0.000613s ]
INFO: [ app_begin ] --START--
INFO: Run Behavior\ReadHtmlCacheBehavior [ RunTime:0.000897s ]
INFO: [ app_begin ] --END-- [ RunTime:0.001039s ]
INFO: [ view_parse ] --START--
INFO: [ template_filter ] --START--
INFO: Run Behavior\ContentReplaceBehavior [ RunTime:0.000056s ]
INFO: [ template_filter ] --END-- [ RunTime:0.000193s ]
NOTIC: [8] Undefined variable: aListJson D:\Application\wamp\www\collegepy\Application\Runtime\Cache\Home\2a94b8bda04ff446dcedd42276fc99ee.php 第 6 行.
INFO: Run Behavior\ParseTemplateBehavior [ RunTime:0.009271s ]
INFO: [ view_parse ] --END-- [ RunTime:0.009378s ]
INFO: [ view_filter ] --START--
INFO: Run Behavior\WriteHtmlCacheBehavior [ RunTime:0.000444s ]
INFO: [ view_filter ] --END-- [ RunTime:0.000535s ]
INFO: [ app_end ] --START--
INFO: Run Behavior\ShowPageTraceBehavior [ RunTime:0.000766s ]
INFO: [ app_end ] --END-- [ RunTime:0.000875s ]

[ 2014-02-27T16:58:47+08:00 ] 127.0.0.1 /collegepy/index.php/Home/Index/activity
INFO: [ app_init ] --START--
INFO: Run Behavior\BuildLiteBehavior [ RunTime:0.000038s ]
INFO: [ app_init ] --END-- [ RunTime:0.000606s ]
INFO: [ app_begin ] --START--
INFO: Run Behavior\ReadHtmlCacheBehavior [ RunTime:0.000834s ]
INFO: [ app_begin ] --END-- [ RunTime:0.000976s ]
NOTIC: [8] Undefined index: type D:\Application\wamp\www\collegepy\Application\Home\Controller\IndexController.class.php 第 32 行.
SQL: SHOW COLUMNS FROM `activity_info` [ RunTime:0.003715s ]
SQL: SELECT * FROM `activity_info` WHERE ( id<5 )  [ RunTime:0.002556s ]
INFO: [ view_parse ] --START--
INFO: [ template_filter ] --START--
INFO: Run Behavior\ContentReplaceBehavior [ RunTime:0.000054s ]
INFO: [ template_filter ] --END-- [ RunTime:0.000162s ]
INFO: Run Behavior\ParseTemplateBehavior [ RunTime:0.007376s ]
INFO: [ view_parse ] --END-- [ RunTime:0.007485s ]
INFO: [ view_filter ] --START--
INFO: Run Behavior\WriteHtmlCacheBehavior [ RunTime:0.000391s ]
INFO: [ view_filter ] --END-- [ RunTime:0.000485s ]
INFO: [ app_end ] --START--
INFO: Run Behavior\ShowPageTraceBehavior [ RunTime:0.000720s ]
INFO: [ app_end ] --END-- [ RunTime:0.000820s ]

[ 2014-02-27T17:04:27+08:00 ] 127.0.0.1 /collegepy/index.php/Home/Index/activity
INFO: [ app_init ] --START--
INFO: Run Behavior\BuildLiteBehavior [ RunTime:0.000035s ]
INFO: [ app_init ] --END-- [ RunTime:0.000546s ]
INFO: [ app_begin ] --START--
INFO: Run Behavior\ReadHtmlCacheBehavior [ RunTime:0.000867s ]
INFO: [ app_begin ] --END-- [ RunTime:0.000991s ]
NOTIC: [8] Undefined index: type D:\Application\wamp\www\collegepy\Application\Home\Controller\IndexController.class.php 第 32 行.
SQL: SHOW COLUMNS FROM `activity_info` [ RunTime:0.005199s ]
SQL: SELECT * FROM `activity_info` WHERE ( id<5 )  [ RunTime:0.003539s ]
INFO: [ view_parse ] --START--
INFO: [ template_filter ] --START--
INFO: Run Behavior\ContentReplaceBehavior [ RunTime:0.000079s ]
INFO: [ template_filter ] --END-- [ RunTime:0.000271s ]
INFO: Run Behavior\ParseTemplateBehavior [ RunTime:0.010531s ]
INFO: [ view_parse ] --END-- [ RunTime:0.010699s ]
INFO: [ view_filter ] --START--
INFO: Run Behavior\WriteHtmlCacheBehavior [ RunTime:0.000639s ]
INFO: [ view_filter ] --END-- [ RunTime:0.000800s ]
INFO: [ app_end ] --START--
INFO: Run Behavior\ShowPageTraceBehavior [ RunTime:0.001004s ]
INFO: [ app_end ] --END-- [ RunTime:0.001131s ]

[ 2014-02-27T17:04:27+08:00 ] 127.0.0.1 /collegepy/index.php/Home/Index/activity
INFO: [ app_init ] --START--
INFO: Run Behavior\BuildLiteBehavior [ RunTime:0.000028s ]
INFO: [ app_init ] --END-- [ RunTime:0.000573s ]
INFO: [ app_begin ] --START--
INFO: Run Behavior\ReadHtmlCacheBehavior [ RunTime:0.000817s ]
INFO: [ app_begin ] --END-- [ RunTime:0.000977s ]
NOTIC: [8] Undefined index: type D:\Application\wamp\www\collegepy\Application\Home\Controller\IndexController.class.php 第 32 行.
SQL: SHOW COLUMNS FROM `activity_info` [ RunTime:0.003704s ]
SQL: SELECT * FROM `activity_info` WHERE ( id<5 )  [ RunTime:0.002513s ]
INFO: [ view_parse ] --START--
INFO: [ template_filter ] --START--
INFO: Run Behavior\ContentReplaceBehavior [ RunTime:0.000053s ]
INFO: [ template_filter ] --END-- [ RunTime:0.000164s ]
INFO: Run Behavior\ParseTemplateBehavior [ RunTime:0.008236s ]
INFO: [ view_parse ] --END-- [ RunTime:0.008367s ]
INFO: [ view_filter ] --START--
INFO: Run Behavior\WriteHtmlCacheBehavior [ RunTime:0.000405s ]
INFO: [ view_filter ] --END-- [ RunTime:0.000497s ]
INFO: [ app_end ] --START--
INFO: Run Behavior\ShowPageTraceBehavior [ RunTime:0.000741s ]
INFO: [ app_end ] --END-- [ RunTime:0.000837s ]

[ 2014-02-27T17:13:56+08:00 ] 127.0.0.1 /collegepy/index.php/Home/Index/activity
INFO: [ app_init ] --START--
INFO: Run Behavior\BuildLiteBehavior [ RunTime:0.000046s ]
INFO: [ app_init ] --END-- [ RunTime:0.000629s ]
INFO: [ app_begin ] --START--
INFO: Run Behavior\ReadHtmlCacheBehavior [ RunTime:0.000849s ]
INFO: [ app_begin ] --END-- [ RunTime:0.000990s ]
NOTIC: [8] Undefined index: type D:\Application\wamp\www\collegepy\Application\Home\Controller\IndexController.class.php 第 32 行.
SQL: SHOW COLUMNS FROM `activity_info` [ RunTime:0.002829s ]
SQL: SELECT * FROM `activity_info` WHERE ( id<5 )  [ RunTime:0.000647s ]
INFO: [ view_parse ] --START--
INFO: [ template_filter ] --START--
INFO: Run Behavior\ContentReplaceBehavior [ RunTime:0.000068s ]
INFO: [ template_filter ] --END-- [ RunTime:0.000179s ]
INFO: Run Behavior\ParseTemplateBehavior [ RunTime:0.007229s ]
INFO: [ view_parse ] --END-- [ RunTime:0.007334s ]
INFO: [ view_filter ] --START--
INFO: Run Behavior\WriteHtmlCacheBehavior [ RunTime:0.000392s ]
INFO: [ view_filter ] --END-- [ RunTime:0.000499s ]
INFO: [ app_end ] --START--
INFO: Run Behavior\ShowPageTraceBehavior [ RunTime:0.000759s ]
INFO: [ app_end ] --END-- [ RunTime:0.000853s ]

[ 2014-02-27T17:21:07+08:00 ] 127.0.0.1 /collegepy/index.php/Home/Index/activity
INFO: [ app_init ] --START--
INFO: Run Behavior\BuildLiteBehavior [ RunTime:0.000031s ]
INFO: [ app_init ] --END-- [ RunTime:0.000527s ]
INFO: [ app_begin ] --START--
INFO: Run Behavior\ReadHtmlCacheBehavior [ RunTime:0.000872s ]
INFO: [ app_begin ] --END-- [ RunTime:0.001011s ]
NOTIC: [8] Undefined index: type D:\Application\wamp\www\collegepy\Application\Home\Controller\IndexController.class.php 第 32 行.
SQL: SHOW COLUMNS FROM `activity_info` [ RunTime:0.006718s ]
SQL: SELECT * FROM `activity_info` WHERE ( id<5 )  [ RunTime:0.001497s ]
INFO: [ view_parse ] --START--
INFO: [ template_filter ] --START--
INFO: Run Behavior\ContentReplaceBehavior [ RunTime:0.000091s ]
INFO: [ template_filter ] --END-- [ RunTime:0.000283s ]
INFO: Run Behavior\ParseTemplateBehavior [ RunTime:0.009260s ]
INFO: [ view_parse ] --END-- [ RunTime:0.009511s ]
INFO: [ view_filter ] --START--
INFO: Run Behavior\WriteHtmlCacheBehavior [ RunTime:0.000615s ]
INFO: [ view_filter ] --END-- [ RunTime:0.000769s ]
INFO: [ app_end ] --START--
INFO: Run Behavior\ShowPageTraceBehavior [ RunTime:0.001057s ]
INFO: [ app_end ] --END-- [ RunTime:0.001217s ]

[ 2014-02-27T18:10:55+08:00 ] 127.0.0.1 /collegepy/index.php/Home/Index/activity
INFO: [ app_init ] --START--
INFO: Run Behavior\BuildLiteBehavior [ RunTime:0.000034s ]
INFO: [ app_init ] --END-- [ RunTime:0.000543s ]
INFO: [ app_begin ] --START--
INFO: Run Behavior\ReadHtmlCacheBehavior [ RunTime:0.000822s ]
INFO: [ app_begin ] --END-- [ RunTime:0.000954s ]
NOTIC: [8] Undefined index: type D:\Application\wamp\www\collegepy\Application\Home\Controller\IndexController.class.php 第 32 行.
SQL: SHOW COLUMNS FROM `activity_info` [ RunTime:0.025711s ]
SQL: SELECT * FROM `activity_info` WHERE ( id<5 )  [ RunTime:0.001286s ]
INFO: [ app_end ] --START--
INFO: Run Behavior\ShowPageTraceBehavior [ RunTime:0.001175s ]
INFO: [ app_end ] --END-- [ RunTime:0.001333s ]

[ 2014-02-27T18:13:21+08:00 ] 127.0.0.1 /collegepy/index.php/Home/Index/activity
INFO: [ app_init ] --START--
INFO: Run Behavior\BuildLiteBehavior [ RunTime:0.000032s ]
INFO: [ app_init ] --END-- [ RunTime:0.000540s ]
INFO: [ app_begin ] --START--
INFO: Run Behavior\ReadHtmlCacheBehavior [ RunTime:0.001057s ]
INFO: [ app_begin ] --END-- [ RunTime:0.001189s ]
NOTIC: [8] Undefined index: type D:\Application\wamp\www\collegepy\Application\Home\Controller\IndexController.class.php 第 32 行.
SQL: SHOW COLUMNS FROM `activity_info` [ RunTime:0.043166s ]
SQL: SELECT * FROM `activity_info` WHERE ( id<5 )  [ RunTime:0.001858s ]
INFO: [ app_end ] --START--
INFO: Run Behavior\ShowPageTraceBehavior [ RunTime:0.000886s ]
INFO: [ app_end ] --END-- [ RunTime:0.001000s ]

[ 2014-02-27T18:31:30+08:00 ] 127.0.0.1 /collegepy/index.php/Home/Index/activity
INFO: [ app_init ] --START--
INFO: Run Behavior\BuildLiteBehavior [ RunTime:0.000032s ]
INFO: [ app_init ] --END-- [ RunTime:0.000530s ]
INFO: [ app_begin ] --START--
INFO: Run Behavior\ReadHtmlCacheBehavior [ RunTime:0.001257s ]
INFO: [ app_begin ] --END-- [ RunTime:0.001386s ]
NOTIC: [8] Undefined index: type D:\Application\wamp\www\collegepy\Application\Home\Controller\IndexController.class.php 第 32 行.
SQL: SHOW COLUMNS FROM `activity_info` [ RunTime:0.003083s ]
SQL: SELECT * FROM `activity_info` WHERE ( id<5 )  [ RunTime:0.001628s ]
INFO: [ app_end ] --START--
INFO: Run Behavior\ShowPageTraceBehavior [ RunTime:0.001280s ]
INFO: [ app_end ] --END-- [ RunTime:0.001458s ]

[ 2014-02-27T18:36:14+08:00 ] 127.0.0.1 /collegepy/index.php/Home/Index/activity
INFO: [ app_init ] --START--
INFO: Run Behavior\BuildLiteBehavior [ RunTime:0.000032s ]
INFO: [ app_init ] --END-- [ RunTime:0.000543s ]
INFO: [ app_begin ] --START--
INFO: Run Behavior\ReadHtmlCacheBehavior [ RunTime:0.000776s ]
INFO: [ app_begin ] --END-- [ RunTime:0.000897s ]
NOTIC: [8] Undefined index: type D:\Application\wamp\www\collegepy\Application\Home\Controller\IndexController.class.php 第 32 行.
SQL: SHOW COLUMNS FROM `activity_info` [ RunTime:0.004006s ]
SQL: SELECT * FROM `activity_info` WHERE ( id<5 )  [ RunTime:0.001715s ]
INFO: [ app_end ] --START--
INFO: Run Behavior\ShowPageTraceBehavior [ RunTime:0.001296s ]
INFO: [ app_end ] --END-- [ RunTime:0.001477s ]

[ 2014-02-27T18:36:19+08:00 ] 127.0.0.1 /collegepy/index.php/Home/Index/activity
INFO: [ app_init ] --START--
INFO: Run Behavior\BuildLiteBehavior [ RunTime:0.000031s ]
INFO: [ app_init ] --END-- [ RunTime:0.000467s ]
INFO: [ app_begin ] --START--
INFO: Run Behavior\ReadHtmlCacheBehavior [ RunTime:0.000573s ]
INFO: [ app_begin ] --END-- [ RunTime:0.000686s ]
NOTIC: [8] Undefined index: type D:\Application\wamp\www\collegepy\Application\Home\Controller\IndexController.class.php 第 32 行.
SQL: SHOW COLUMNS FROM `activity_info` [ RunTime:0.003032s ]
SQL: SELECT * FROM `activity_info` WHERE ( id<5 )  [ RunTime:0.001249s ]
INFO: [ app_end ] --START--
INFO: Run Behavior\ShowPageTraceBehavior [ RunTime:0.000737s ]
INFO: [ app_end ] --END-- [ RunTime:0.000844s ]

[ 2014-02-27T18:56:06+08:00 ] 127.0.0.1 /collegepy/index.php/Home/Index/activity
INFO: [ app_init ] --START--
INFO: Run Behavior\BuildLiteBehavior [ RunTime:0.000031s ]
INFO: [ app_init ] --END-- [ RunTime:0.000545s ]
INFO: [ app_begin ] --START--
INFO: Run Behavior\ReadHtmlCacheBehavior [ RunTime:0.000785s ]
INFO: [ app_begin ] --END-- [ RunTime:0.000904s ]
NOTIC: [8] Undefined index: type D:\Application\wamp\www\collegepy\Application\Home\Controller\IndexController.class.php 第 32 行.
SQL: SHOW COLUMNS FROM `activity_info` [ RunTime:0.003694s ]
SQL: SELECT * FROM `activity_info` WHERE ( id<5 )  [ RunTime:0.001387s ]
INFO: [ app_end ] --START--
INFO: Run Behavior\ShowPageTraceBehavior [ RunTime:0.000921s ]
INFO: [ app_end ] --END-- [ RunTime:0.001029s ]

[ 2014-02-27T19:34:33+08:00 ] 127.0.0.1 /collegepy/index.php/Home/Index/activity
INFO: [ app_init ] --START--
INFO: Run Behavior\BuildLiteBehavior [ RunTime:0.000034s ]
INFO: [ app_init ] --END-- [ RunTime:0.000632s ]
INFO: [ app_begin ] --START--
INFO: Run Behavior\ReadHtmlCacheBehavior [ RunTime:0.000844s ]
INFO: [ app_begin ] --END-- [ RunTime:0.000983s ]
NOTIC: [8] Undefined index: type D:\Application\wamp\www\collegepy\Application\Home\Controller\IndexController.class.php 第 32 行.
SQL: SHOW COLUMNS FROM `activity_info` [ RunTime:0.022028s ]
SQL: SELECT * FROM `activity_info` WHERE ( id<5 )  [ RunTime:0.004031s ]
INFO: [ app_end ] --START--
INFO: Run Behavior\ShowPageTraceBehavior [ RunTime:0.000941s ]
INFO: [ app_end ] --END-- [ RunTime:0.001058s ]

[ 2014-02-27T19:34:35+08:00 ] 127.0.0.1 /collegepy/index.php/Home/Index/activity
INFO: [ app_init ] --START--
INFO: Run Behavior\BuildLiteBehavior [ RunTime:0.000046s ]
INFO: [ app_init ] --END-- [ RunTime:0.000699s ]
INFO: [ app_begin ] --START--
INFO: Run Behavior\ReadHtmlCacheBehavior [ RunTime:0.000914s ]
INFO: [ app_begin ] --END-- [ RunTime:0.001093s ]
NOTIC: [8] Undefined index: type D:\Application\wamp\www\collegepy\Application\Home\Controller\IndexController.class.php 第 32 行.
SQL: SHOW COLUMNS FROM `activity_info` [ RunTime:0.004136s ]
SQL: SELECT * FROM `activity_info` WHERE ( id<5 )  [ RunTime:0.001999s ]
INFO: [ app_end ] --START--
INFO: Run Behavior\ShowPageTraceBehavior [ RunTime:0.000853s ]
INFO: [ app_end ] --END-- [ RunTime:0.000979s ]

[ 2014-02-27T19:34:36+08:00 ] 127.0.0.1 /collegepy/index.php/Home/Index/activity
INFO: [ app_init ] --START--
INFO: Run Behavior\BuildLiteBehavior [ RunTime:0.000032s ]
INFO: [ app_init ] --END-- [ RunTime:0.000457s ]
INFO: [ app_begin ] --START--
INFO: Run Behavior\ReadHtmlCacheBehavior [ RunTime:0.000619s ]
INFO: [ app_begin ] --END-- [ RunTime:0.000728s ]
NOTIC: [8] Undefined index: type D:\Application\wamp\www\collegepy\Application\Home\Controller\IndexController.class.php 第 32 行.
SQL: SHOW COLUMNS FROM `activity_info` [ RunTime:0.003085s ]
SQL: SELECT * FROM `activity_info` WHERE ( id<5 )  [ RunTime:0.001241s ]
INFO: [ app_end ] --START--
INFO: Run Behavior\ShowPageTraceBehavior [ RunTime:0.001103s ]
INFO: [ app_end ] --END-- [ RunTime:0.001248s ]

[ 2014-02-27T19:35:25+08:00 ] 127.0.0.1 /collegepy/index.php/Home/Index/activity
INFO: [ app_init ] --START--
INFO: Run Behavior\BuildLiteBehavior [ RunTime:0.000036s ]
INFO: [ app_init ] --END-- [ RunTime:0.000566s ]
INFO: [ app_begin ] --START--
INFO: Run Behavior\ReadHtmlCacheBehavior [ RunTime:0.001107s ]
INFO: [ app_begin ] --END-- [ RunTime:0.001309s ]
NOTIC: [8] Undefined index: type D:\Application\wamp\www\collegepy\Application\Home\Controller\IndexController.class.php 第 32 行.
SQL: SHOW COLUMNS FROM `activity_info` [ RunTime:0.004643s ]
SQL: SELECT * FROM `activity_info` WHERE ( id<5 )  [ RunTime:0.003059s ]
INFO: [ app_end ] --START--
INFO: Run Behavior\ShowPageTraceBehavior [ RunTime:0.000822s ]
INFO: [ app_end ] --END-- [ RunTime:0.000928s ]

[ 2014-02-27T19:37:45+08:00 ] 127.0.0.1 /collegepy/index.php/Home/Index/activity
INFO: [ app_init ] --START--
INFO: Run Behavior\BuildLiteBehavior [ RunTime:0.000033s ]
INFO: [ app_init ] --END-- [ RunTime:0.000562s ]
INFO: [ app_begin ] --START--
INFO: Run Behavior\ReadHtmlCacheBehavior [ RunTime:0.000848s ]
INFO: [ app_begin ] --END-- [ RunTime:0.000984s ]
NOTIC: [8] Undefined index: type D:\Application\wamp\www\collegepy\Application\Home\Controller\IndexController.class.php 第 32 行.
SQL: SHOW COLUMNS FROM `activity_info` [ RunTime:0.006212s ]
SQL: SELECT * FROM `activity_info` WHERE ( id<5 )  [ RunTime:0.002296s ]
INFO: [ app_end ] --START--
INFO: Run Behavior\ShowPageTraceBehavior [ RunTime:0.001250s ]
INFO: [ app_end ] --END-- [ RunTime:0.001429s ]

[ 2014-02-27T19:39:35+08:00 ] 127.0.0.1 /collegepy/index.php/Home/Index/activity
INFO: [ app_init ] --START--
INFO: Run Behavior\BuildLiteBehavior [ RunTime:0.000033s ]
INFO: [ app_init ] --END-- [ RunTime:0.000495s ]
INFO: [ app_begin ] --START--
INFO: Run Behavior\ReadHtmlCacheBehavior [ RunTime:0.000627s ]
INFO: [ app_begin ] --END-- [ RunTime:0.000751s ]
NOTIC: [8] Undefined index: type D:\Application\wamp\www\collegepy\Application\Home\Controller\IndexController.class.php 第 32 行.
SQL: SHOW COLUMNS FROM `activity_info` [ RunTime:0.003982s ]
SQL: SELECT * FROM `activity_info` WHERE ( id<5 )  [ RunTime:0.004832s ]
INFO: [ app_end ] --START--
INFO: Run Behavior\ShowPageTraceBehavior [ RunTime:0.001143s ]
INFO: [ app_end ] --END-- [ RunTime:0.001314s ]

[ 2014-02-27T20:23:52+08:00 ] 127.0.0.1 /collegepy/index.php/Home/Index/activity
INFO: [ app_init ] --START--
INFO: Run Behavior\BuildLiteBehavior [ RunTime:0.000033s ]
INFO: [ app_init ] --END-- [ RunTime:0.000579s ]
INFO: [ app_begin ] --START--
INFO: Run Behavior\ReadHtmlCacheBehavior [ RunTime:0.000856s ]
INFO: [ app_begin ] --END-- [ RunTime:0.000995s ]
NOTIC: [8] Undefined index: type D:\Application\wamp\www\collegepy\Application\Home\Controller\IndexController.class.php 第 32 行.
SQL: SHOW COLUMNS FROM `activity_info` [ RunTime:0.004108s ]
SQL: SELECT * FROM `activity_info` WHERE ( id<2 )  [ RunTime:0.096742s ]
INFO: [ app_end ] --START--
INFO: Run Behavior\ShowPageTraceBehavior [ RunTime:0.001422s ]
INFO: [ app_end ] --END-- [ RunTime:0.001639s ]

[ 2014-02-27T20:24:19+08:00 ] 127.0.0.1 /collegepy/index.php/Home/Index/activity
INFO: [ app_init ] --START--
INFO: Run Behavior\BuildLiteBehavior [ RunTime:0.000033s ]
INFO: [ app_init ] --END-- [ RunTime:0.000553s ]
INFO: [ app_begin ] --START--
INFO: Run Behavior\ReadHtmlCacheBehavior [ RunTime:0.000654s ]
INFO: [ app_begin ] --END-- [ RunTime:0.000789s ]
NOTIC: [8] Undefined index: type D:\Application\wamp\www\collegepy\Application\Home\Controller\IndexController.class.php 第 32 行.
SQL: SHOW COLUMNS FROM `activity_info` [ RunTime:0.002713s ]
SQL: SELECT * FROM `activity_info` WHERE ( id<2 )  [ RunTime:0.001915s ]
NOTIC: [8] Array to string conversion D:\Application\wamp\www\collegepy\Application\Home\Controller\IndexController.class.php 第 36 行.
INFO: [ app_end ] --START--
INFO: Run Behavior\ShowPageTraceBehavior [ RunTime:0.000809s ]
INFO: [ app_end ] --END-- [ RunTime:0.000913s ]

[ 2014-02-27T20:24:50+08:00 ] 127.0.0.1 /collegepy/index.php/Home/Index/activity
INFO: [ app_init ] --START--
INFO: Run Behavior\BuildLiteBehavior [ RunTime:0.000030s ]
INFO: [ app_init ] --END-- [ RunTime:0.000459s ]
INFO: [ app_begin ] --START--
INFO: Run Behavior\ReadHtmlCacheBehavior [ RunTime:0.000595s ]
INFO: [ app_begin ] --END-- [ RunTime:0.000711s ]
NOTIC: [8] Undefined index: type D:\Application\wamp\www\collegepy\Application\Home\Controller\IndexController.class.php 第 32 行.
SQL: SHOW COLUMNS FROM `activity_info` [ RunTime:0.004089s ]
SQL: SELECT * FROM `activity_info` WHERE ( id<2 )  [ RunTime:0.002363s ]
NOTIC: [8] Array to string conversion D:\Application\wamp\www\collegepy\Application\Home\Controller\IndexController.class.php 第 36 行.
INFO: [ app_end ] --START--
INFO: Run Behavior\ShowPageTraceBehavior [ RunTime:0.000861s ]
INFO: [ app_end ] --END-- [ RunTime:0.000966s ]

[ 2014-02-27T20:24:52+08:00 ] 127.0.0.1 /collegepy/index.php/Home/Index/activity
INFO: [ app_init ] --START--
INFO: Run Behavior\BuildLiteBehavior [ RunTime:0.000037s ]
INFO: [ app_init ] --END-- [ RunTime:0.000571s ]
INFO: [ app_begin ] --START--
INFO: Run Behavior\ReadHtmlCacheBehavior [ RunTime:0.000754s ]
INFO: [ app_begin ] --END-- [ RunTime:0.000893s ]
NOTIC: [8] Undefined index: type D:\Application\wamp\www\collegepy\Application\Home\Controller\IndexController.class.php 第 32 行.
SQL: SHOW COLUMNS FROM `activity_info` [ RunTime:0.004609s ]
SQL: SELECT * FROM `activity_info` WHERE ( id<2 )  [ RunTime:0.003218s ]
NOTIC: [8] Array to string conversion D:\Application\wamp\www\collegepy\Application\Home\Controller\IndexController.class.php 第 36 行.
INFO: [ app_end ] --START--
INFO: Run Behavior\ShowPageTraceBehavior [ RunTime:0.000810s ]
INFO: [ app_end ] --END-- [ RunTime:0.000944s ]

[ 2014-02-27T20:26:38+08:00 ] 127.0.0.1 /collegepy/index.php/Home/Index/activity
INFO: [ app_init ] --START--
INFO: Run Behavior\BuildLiteBehavior [ RunTime:0.000032s ]
INFO: [ app_init ] --END-- [ RunTime:0.000563s ]
INFO: [ app_begin ] --START--
INFO: Run Behavior\ReadHtmlCacheBehavior [ RunTime:0.000840s ]
INFO: [ app_begin ] --END-- [ RunTime:0.000969s ]
NOTIC: [8] Undefined index: type D:\Application\wamp\www\collegepy\Application\Home\Controller\IndexController.class.php 第 32 行.
SQL: SHOW COLUMNS FROM `activity_info` [ RunTime:0.003696s ]
SQL: SELECT * FROM `activity_info` WHERE ( id<2 )  [ RunTime:0.003212s ]
INFO: [ app_end ] --START--
INFO: Run Behavior\ShowPageTraceBehavior [ RunTime:0.000910s ]
INFO: [ app_end ] --END-- [ RunTime:0.001016s ]

[ 2014-02-27T20:26:38+08:00 ] 127.0.0.1 /collegepy/index.php/Home/Index/activity
INFO: [ app_init ] --START--
INFO: Run Behavior\BuildLiteBehavior [ RunTime:0.000030s ]
INFO: [ app_init ] --END-- [ RunTime:0.000532s ]
INFO: [ app_begin ] --START--
INFO: Run Behavior\ReadHtmlCacheBehavior [ RunTime:0.000653s ]
INFO: [ app_begin ] --END-- [ RunTime:0.000777s ]
NOTIC: [8] Undefined index: type D:\Application\wamp\www\collegepy\Application\Home\Controller\IndexController.class.php 第 32 行.
SQL: SHOW COLUMNS FROM `activity_info` [ RunTime:0.003017s ]
SQL: SELECT * FROM `activity_info` WHERE ( id<2 )  [ RunTime:0.001586s ]
INFO: [ app_end ] --START--
INFO: Run Behavior\ShowPageTraceBehavior [ RunTime:0.000855s ]
INFO: [ app_end ] --END-- [ RunTime:0.000957s ]

[ 2014-02-27T20:26:39+08:00 ] 127.0.0.1 /collegepy/index.php/Home/Index/activity
INFO: [ app_init ] --START--
INFO: Run Behavior\BuildLiteBehavior [ RunTime:0.000043s ]
INFO: [ app_init ] --END-- [ RunTime:0.000495s ]
INFO: [ app_begin ] --START--
INFO: Run Behavior\ReadHtmlCacheBehavior [ RunTime:0.000589s ]
INFO: [ app_begin ] --END-- [ RunTime:0.000702s ]
NOTIC: [8] Undefined index: type D:\Application\wamp\www\collegepy\Application\Home\Controller\IndexController.class.php 第 32 行.
SQL: SHOW COLUMNS FROM `activity_info` [ RunTime:0.002967s ]
SQL: SELECT * FROM `activity_info` WHERE ( id<2 )  [ RunTime:0.002285s ]
INFO: [ app_end ] --START--
INFO: Run Behavior\ShowPageTraceBehavior [ RunTime:0.000820s ]
INFO: [ app_end ] --END-- [ RunTime:0.000919s ]

[ 2014-02-27T20:26:39+08:00 ] 127.0.0.1 /collegepy/index.php/Home/Index/activity
INFO: [ app_init ] --START--
INFO: Run Behavior\BuildLiteBehavior [ RunTime:0.000036s ]
INFO: [ app_init ] --END-- [ RunTime:0.000557s ]
INFO: [ app_begin ] --START--
INFO: Run Behavior\ReadHtmlCacheBehavior [ RunTime:0.000715s ]
INFO: [ app_begin ] --END-- [ RunTime:0.000844s ]
NOTIC: [8] Undefined index: type D:\Application\wamp\www\collegepy\Application\Home\Controller\IndexController.class.php 第 32 行.
SQL: SHOW COLUMNS FROM `activity_info` [ RunTime:0.004070s ]
SQL: SELECT * FROM `activity_info` WHERE ( id<2 )  [ RunTime:0.001717s ]
INFO: [ app_end ] --START--
INFO: Run Behavior\ShowPageTraceBehavior [ RunTime:0.001231s ]
INFO: [ app_end ] --END-- [ RunTime:0.001340s ]

[ 2014-02-27T20:26:39+08:00 ] 127.0.0.1 /collegepy/index.php/Home/Index/activity
INFO: [ app_init ] --START--
INFO: Run Behavior\BuildLiteBehavior [ RunTime:0.000031s ]
INFO: [ app_init ] --END-- [ RunTime:0.000455s ]
INFO: [ app_begin ] --START--
INFO: Run Behavior\ReadHtmlCacheBehavior [ RunTime:0.000597s ]
INFO: [ app_begin ] --END-- [ RunTime:0.000708s ]
NOTIC: [8] Undefined index: type D:\Application\wamp\www\collegepy\Application\Home\Controller\IndexController.class.php 第 32 行.
SQL: SHOW COLUMNS FROM `activity_info` [ RunTime:0.003698s ]
SQL: SELECT * FROM `activity_info` WHERE ( id<2 )  [ RunTime:0.002957s ]
INFO: [ app_end ] --START--
INFO: Run Behavior\ShowPageTraceBehavior [ RunTime:0.000796s ]
INFO: [ app_end ] --END-- [ RunTime:0.000897s ]

[ 2014-02-27T20:27:54+08:00 ] 127.0.0.1 /collegepy/index.php/Home/Index/activity
INFO: [ app_init ] --START--
INFO: Run Behavior\BuildLiteBehavior [ RunTime:0.000031s ]
INFO: [ app_init ] --END-- [ RunTime:0.000463s ]
INFO: [ app_begin ] --START--
INFO: Run Behavior\ReadHtmlCacheBehavior [ RunTime:0.000601s ]
INFO: [ app_begin ] --END-- [ RunTime:0.000712s ]
NOTIC: [8] Undefined index: type D:\Application\wamp\www\collegepy\Application\Home\Controller\IndexController.class.php 第 32 行.
SQL: SHOW COLUMNS FROM `activity_info` [ RunTime:0.003220s ]
SQL: SELECT * FROM `activity_info` WHERE ( id<2 )  [ RunTime:0.001212s ]
INFO: [ app_end ] --START--
INFO: Run Behavior\ShowPageTraceBehavior [ RunTime:0.001143s ]
INFO: [ app_end ] --END-- [ RunTime:0.001326s ]

[ 2014-02-27T20:28:04+08:00 ] 127.0.0.1 /collegepy/index.php/Home/Index/activity
INFO: [ app_init ] --START--
INFO: Run Behavior\BuildLiteBehavior [ RunTime:0.000058s ]
INFO: [ app_init ] --END-- [ RunTime:0.000814s ]
INFO: [ app_begin ] --START--
INFO: Run Behavior\ReadHtmlCacheBehavior [ RunTime:0.001517s ]
INFO: [ app_begin ] --END-- [ RunTime:0.001757s ]
NOTIC: [8] Undefined index: type D:\Application\wamp\www\collegepy\Application\Home\Controller\IndexController.class.php 第 32 行.
SQL: SHOW COLUMNS FROM `activity_info` [ RunTime:0.003444s ]
SQL: SELECT * FROM `activity_info` WHERE ( id<2 )  [ RunTime:0.002841s ]
INFO: [ app_end ] --START--
INFO: Run Behavior\ShowPageTraceBehavior [ RunTime:0.001165s ]
INFO: [ app_end ] --END-- [ RunTime:0.001346s ]

[ 2014-02-27T20:29:26+08:00 ] 127.0.0.1 /collegepy/index.php/Home/Index/activity
INFO: [ app_init ] --START--
INFO: Run Behavior\BuildLiteBehavior [ RunTime:0.000030s ]
INFO: [ app_init ] --END-- [ RunTime:0.000515s ]
INFO: [ app_begin ] --START--
INFO: Run Behavior\ReadHtmlCacheBehavior [ RunTime:0.000973s ]
INFO: [ app_begin ] --END-- [ RunTime:0.001131s ]
NOTIC: [8] Undefined index: type D:\Application\wamp\www\collegepy\Application\Home\Controller\IndexController.class.php 第 32 行.
SQL: SHOW COLUMNS FROM `activity_info` [ RunTime:0.006171s ]
SQL: SELECT * FROM `activity_info` WHERE ( id<2 )  [ RunTime:0.002205s ]
INFO: [ app_end ] --START--
INFO: Run Behavior\ShowPageTraceBehavior [ RunTime:0.000980s ]
INFO: [ app_end ] --END-- [ RunTime:0.001144s ]

[ 2014-02-27T20:29:47+08:00 ] 127.0.0.1 /collegepy/index.php/Home/Index/activity
INFO: [ app_init ] --START--
INFO: Run Behavior\BuildLiteBehavior [ RunTime:0.000030s ]
INFO: [ app_init ] --END-- [ RunTime:0.000466s ]
INFO: [ app_begin ] --START--
INFO: Run Behavior\ReadHtmlCacheBehavior [ RunTime:0.000595s ]
INFO: [ app_begin ] --END-- [ RunTime:0.000710s ]
NOTIC: [8] Undefined index: type D:\Application\wamp\www\collegepy\Application\Home\Controller\IndexController.class.php 第 32 行.
SQL: SHOW COLUMNS FROM `activity_info` [ RunTime:0.003079s ]
SQL: SELECT * FROM `activity_info` WHERE ( id<2 )  [ RunTime:0.000856s ]
INFO: [ app_end ] --START--
INFO: Run Behavior\ShowPageTraceBehavior [ RunTime:0.000860s ]
INFO: [ app_end ] --END-- [ RunTime:0.000967s ]

[ 2014-02-27T20:29:54+08:00 ] 127.0.0.1 /collegepy/index.php/Home/Index/activity
INFO: [ app_init ] --START--
INFO: Run Behavior\BuildLiteBehavior [ RunTime:0.000038s ]
INFO: [ app_init ] --END-- [ RunTime:0.000596s ]
INFO: [ app_begin ] --START--
INFO: Run Behavior\ReadHtmlCacheBehavior [ RunTime:0.000851s ]
INFO: [ app_begin ] --END-- [ RunTime:0.000990s ]
NOTIC: [8] Undefined index: type D:\Application\wamp\www\collegepy\Application\Home\Controller\IndexController.class.php 第 32 行.
SQL: SHOW COLUMNS FROM `activity_info` [ RunTime:0.003475s ]
SQL: SELECT * FROM `activity_info` WHERE ( id<2 )  [ RunTime:0.001676s ]
INFO: [ app_end ] --START--
INFO: Run Behavior\ShowPageTraceBehavior [ RunTime:0.001083s ]
INFO: [ app_end ] --END-- [ RunTime:0.001189s ]

[ 2014-02-27T20:30:08+08:00 ] 127.0.0.1 /collegepy/index.php/Home/Index/activity
INFO: [ app_init ] --START--
INFO: Run Behavior\BuildLiteBehavior [ RunTime:0.000050s ]
INFO: [ app_init ] --END-- [ RunTime:0.000776s ]
INFO: [ app_begin ] --START--
INFO: Run Behavior\ReadHtmlCacheBehavior [ RunTime:0.000968s ]
INFO: [ app_begin ] --END-- [ RunTime:0.001184s ]
NOTIC: [8] Undefined index: type D:\Application\wamp\www\collegepy\Application\Home\Controller\IndexController.class.php 第 32 行.
SQL: SHOW COLUMNS FROM `activity_info` [ RunTime:0.003094s ]
SQL: SELECT * FROM `activity_info` WHERE ( id<2 )  [ RunTime:0.001547s ]
INFO: [ app_end ] --START--
INFO: Run Behavior\ShowPageTraceBehavior [ RunTime:0.001040s ]
INFO: [ app_end ] --END-- [ RunTime:0.001204s ]

[ 2014-02-27T20:30:13+08:00 ] 127.0.0.1 /collegepy/index.php/Home/Index/activity
INFO: [ app_init ] --START--
INFO: Run Behavior\BuildLiteBehavior [ RunTime:0.000047s ]
INFO: [ app_init ] --END-- [ RunTime:0.000712s ]
INFO: [ app_begin ] --START--
INFO: Run Behavior\ReadHtmlCacheBehavior [ RunTime:0.000960s ]
INFO: [ app_begin ] --END-- [ RunTime:0.001176s ]
NOTIC: [8] Undefined index: type D:\Application\wamp\www\collegepy\Application\Home\Controller\IndexController.class.php 第 32 行.
SQL: SHOW COLUMNS FROM `activity_info` [ RunTime:0.006593s ]
SQL: SELECT * FROM `activity_info` WHERE ( id<2 )  [ RunTime:0.002464s ]
INFO: [ app_end ] --START--
INFO: Run Behavior\ShowPageTraceBehavior [ RunTime:0.001086s ]
INFO: [ app_end ] --END-- [ RunTime:0.001277s ]

[ 2014-02-27T20:30:31+08:00 ] 127.0.0.1 /collegepy/index.php/Home/Index/activity
INFO: [ app_init ] --START--
INFO: Run Behavior\BuildLiteBehavior [ RunTime:0.000036s ]
INFO: [ app_init ] --END-- [ RunTime:0.000511s ]
INFO: [ app_begin ] --START--
INFO: Run Behavior\ReadHtmlCacheBehavior [ RunTime:0.000646s ]
INFO: [ app_begin ] --END-- [ RunTime:0.000768s ]
NOTIC: [8] Undefined index: type D:\Application\wamp\www\collegepy\Application\Home\Controller\IndexController.class.php 第 32 行.
SQL: SHOW COLUMNS FROM `activity_info` [ RunTime:0.004963s ]
SQL: SELECT * FROM `activity_info` WHERE ( id<2 )  [ RunTime:0.001027s ]
INFO: [ app_end ] --START--
INFO: Run Behavior\ShowPageTraceBehavior [ RunTime:0.000791s ]
INFO: [ app_end ] --END-- [ RunTime:0.000901s ]

[ 2014-02-27T20:30:40+08:00 ] 127.0.0.1 /collegepy/index.php/Home/Index/activity
INFO: [ app_init ] --START--
INFO: Run Behavior\BuildLiteBehavior [ RunTime:0.000030s ]
INFO: [ app_init ] --END-- [ RunTime:0.000510s ]
INFO: [ app_begin ] --START--
INFO: Run Behavior\ReadHtmlCacheBehavior [ RunTime:0.000722s ]
INFO: [ app_begin ] --END-- [ RunTime:0.001072s ]
NOTIC: [8] Undefined index: type D:\Application\wamp\www\collegepy\Application\Home\Controller\IndexController.class.php 第 32 行.
SQL: SHOW COLUMNS FROM `activity_info` [ RunTime:0.003693s ]
SQL: SELECT * FROM `activity_info` WHERE ( id<2 )  [ RunTime:0.001573s ]
INFO: [ app_end ] --START--
INFO: Run Behavior\ShowPageTraceBehavior [ RunTime:0.000757s ]
INFO: [ app_end ] --END-- [ RunTime:0.000858s ]

[ 2014-02-27T20:31:02+08:00 ] 127.0.0.1 /collegepy/index.php/Home/Index/activity
INFO: [ app_init ] --START--
INFO: Run Behavior\BuildLiteBehavior [ RunTime:0.000066s ]
INFO: [ app_init ] --END-- [ RunTime:0.000890s ]
INFO: [ app_begin ] --START--
INFO: Run Behavior\ReadHtmlCacheBehavior [ RunTime:0.000765s ]
INFO: [ app_begin ] --END-- [ RunTime:0.000924s ]
NOTIC: [8] Undefined index: type D:\Application\wamp\www\collegepy\Application\Home\Controller\IndexController.class.php 第 32 行.
SQL: SHOW COLUMNS FROM `activity_info` [ RunTime:0.007675s ]
SQL: SELECT * FROM `activity_info` WHERE ( id<2 )  [ RunTime:0.003591s ]
INFO: [ app_end ] --START--
INFO: Run Behavior\ShowPageTraceBehavior [ RunTime:0.001090s ]
INFO: [ app_end ] --END-- [ RunTime:0.001273s ]

[ 2014-02-27T20:31:13+08:00 ] 127.0.0.1 /collegepy/index.php/Home/Index/activity
INFO: [ app_init ] --START--
INFO: Run Behavior\BuildLiteBehavior [ RunTime:0.000032s ]
INFO: [ app_init ] --END-- [ RunTime:0.000523s ]
INFO: [ app_begin ] --START--
INFO: Run Behavior\ReadHtmlCacheBehavior [ RunTime:0.000982s ]
INFO: [ app_begin ] --END-- [ RunTime:0.001115s ]
NOTIC: [8] Undefined index: type D:\Application\wamp\www\collegepy\Application\Home\Controller\IndexController.class.php 第 32 行.
SQL: SHOW COLUMNS FROM `activity_info` [ RunTime:0.003802s ]
SQL: SELECT * FROM `activity_info` WHERE ( id<2 )  [ RunTime:0.002709s ]
INFO: [ app_end ] --START--
INFO: Run Behavior\ShowPageTraceBehavior [ RunTime:0.001068s ]
INFO: [ app_end ] --END-- [ RunTime:0.001244s ]

[ 2014-02-27T20:31:30+08:00 ] 127.0.0.1 /collegepy/index.php/Home/Index/activity
INFO: [ app_init ] --START--
INFO: Run Behavior\BuildLiteBehavior [ RunTime:0.000032s ]
INFO: [ app_init ] --END-- [ RunTime:0.000502s ]
INFO: [ app_begin ] --START--
INFO: Run Behavior\ReadHtmlCacheBehavior [ RunTime:0.000632s ]
INFO: [ app_begin ] --END-- [ RunTime:0.000761s ]
NOTIC: [8] Undefined index: type D:\Application\wamp\www\collegepy\Application\Home\Controller\IndexController.class.php 第 32 行.
SQL: SHOW COLUMNS FROM `activity_info` [ RunTime:0.002983s ]
SQL: SELECT * FROM `activity_info` WHERE ( id<2 )  [ RunTime:0.000582s ]
INFO: [ app_end ] --START--
INFO: Run Behavior\ShowPageTraceBehavior [ RunTime:0.001135s ]
INFO: [ app_end ] --END-- [ RunTime:0.001307s ]

[ 2014-02-27T20:31:32+08:00 ] 127.0.0.1 /collegepy/index.php/Home/Index/activity
INFO: [ app_init ] --START--
INFO: Run Behavior\BuildLiteBehavior [ RunTime:0.000032s ]
INFO: [ app_init ] --END-- [ RunTime:0.000486s ]
INFO: [ app_begin ] --START--
INFO: Run Behavior\ReadHtmlCacheBehavior [ RunTime:0.000660s ]
INFO: [ app_begin ] --END-- [ RunTime:0.000793s ]
NOTIC: [8] Undefined index: type D:\Application\wamp\www\collegepy\Application\Home\Controller\IndexController.class.php 第 32 行.
SQL: SHOW COLUMNS FROM `activity_info` [ RunTime:0.003554s ]
SQL: SELECT * FROM `activity_info` WHERE ( id<2 )  [ RunTime:0.000914s ]
INFO: [ app_end ] --START--
INFO: Run Behavior\ShowPageTraceBehavior [ RunTime:0.000781s ]
INFO: [ app_end ] --END-- [ RunTime:0.000884s ]

[ 2014-02-27T20:31:34+08:00 ] 127.0.0.1 /collegepy/index.php/Home/Index/activity
INFO: [ app_init ] --START--
INFO: Run Behavior\BuildLiteBehavior [ RunTime:0.000033s ]
INFO: [ app_init ] --END-- [ RunTime:0.000504s ]
INFO: [ app_begin ] --START--
INFO: Run Behavior\ReadHtmlCacheBehavior [ RunTime:0.000769s ]
INFO: [ app_begin ] --END-- [ RunTime:0.000996s ]
NOTIC: [8] Undefined index: type D:\Application\wamp\www\collegepy\Application\Home\Controller\IndexController.class.php 第 32 行.
SQL: SHOW COLUMNS FROM `activity_info` [ RunTime:0.003700s ]
SQL: SELECT * FROM `activity_info` WHERE ( id<2 )  [ RunTime:0.002601s ]
INFO: [ app_end ] --START--
INFO: Run Behavior\ShowPageTraceBehavior [ RunTime:0.001080s ]
INFO: [ app_end ] --END-- [ RunTime:0.001302s ]

[ 2014-02-27T20:31:45+08:00 ] 127.0.0.1 /collegepy/index.php/Home/Index/activity
INFO: [ app_init ] --START--
INFO: Run Behavior\BuildLiteBehavior [ RunTime:0.000031s ]
INFO: [ app_init ] --END-- [ RunTime:0.000490s ]
INFO: [ app_begin ] --START--
INFO: Run Behavior\ReadHtmlCacheBehavior [ RunTime:0.000598s ]
INFO: [ app_begin ] --END-- [ RunTime:0.000720s ]
NOTIC: [8] Undefined index: type D:\Application\wamp\www\collegepy\Application\Home\Controller\IndexController.class.php 第 32 行.
SQL: SHOW COLUMNS FROM `activity_info` [ RunTime:0.006208s ]
SQL: SELECT * FROM `activity_info` WHERE ( id<=2 )  [ RunTime:0.002791s ]
INFO: [ app_end ] --START--
INFO: Run Behavior\ShowPageTraceBehavior [ RunTime:0.001472s ]
INFO: [ app_end ] --END-- [ RunTime:0.001663s ]

[ 2014-02-27T20:31:56+08:00 ] 127.0.0.1 /collegepy/index.php/Home/Index/activity
INFO: [ app_init ] --START--
INFO: Run Behavior\BuildLiteBehavior [ RunTime:0.000051s ]
INFO: [ app_init ] --END-- [ RunTime:0.000925s ]
INFO: [ app_begin ] --START--
INFO: Run Behavior\ReadHtmlCacheBehavior [ RunTime:0.001230s ]
INFO: [ app_begin ] --END-- [ RunTime:0.001437s ]
NOTIC: [8] Undefined index: type D:\Application\wamp\www\collegepy\Application\Home\Controller\IndexController.class.php 第 32 行.
SQL: SHOW COLUMNS FROM `activity_info` [ RunTime:0.004598s ]
SQL: SELECT * FROM `activity_info` WHERE ( id<=2 )  [ RunTime:0.000838s ]
INFO: [ app_end ] --START--
INFO: Run Behavior\ShowPageTraceBehavior [ RunTime:0.001338s ]
INFO: [ app_end ] --END-- [ RunTime:0.001494s ]

[ 2014-02-27T20:32:30+08:00 ] 127.0.0.1 /collegepy/index.php/Home/Index/activity
INFO: [ app_init ] --START--
INFO: Run Behavior\BuildLiteBehavior [ RunTime:0.000034s ]
INFO: [ app_init ] --END-- [ RunTime:0.000585s ]
INFO: [ app_begin ] --START--
INFO: Run Behavior\ReadHtmlCacheBehavior [ RunTime:0.000709s ]
INFO: [ app_begin ] --END-- [ RunTime:0.000837s ]
NOTIC: [8] Undefined index: type D:\Application\wamp\www\collegepy\Application\Home\Controller\IndexController.class.php 第 32 行.
SQL: SHOW COLUMNS FROM `activity_info` [ RunTime:0.004358s ]
SQL: SELECT * FROM `activity_info` WHERE ( id<2 )  [ RunTime:0.004843s ]
INFO: [ app_end ] --START--
INFO: Run Behavior\ShowPageTraceBehavior [ RunTime:0.001141s ]
INFO: [ app_end ] --END-- [ RunTime:0.001379s ]

[ 2014-02-27T20:32:39+08:00 ] 127.0.0.1 /collegepy/index.php/Home/Index/activity
INFO: [ app_init ] --START--
INFO: Run Behavior\BuildLiteBehavior [ RunTime:0.000032s ]
INFO: [ app_init ] --END-- [ RunTime:0.000487s ]
INFO: [ app_begin ] --START--
INFO: Run Behavior\ReadHtmlCacheBehavior [ RunTime:0.000678s ]
INFO: [ app_begin ] --END-- [ RunTime:0.000819s ]
NOTIC: [8] Undefined index: type D:\Application\wamp\www\collegepy\Application\Home\Controller\IndexController.class.php 第 32 行.
SQL: SHOW COLUMNS FROM `activity_info` [ RunTime:0.004242s ]
SQL: SELECT * FROM `activity_info` WHERE ( id<2 )  [ RunTime:0.002257s ]
INFO: [ app_end ] --START--
INFO: Run Behavior\ShowPageTraceBehavior [ RunTime:0.001035s ]
INFO: [ app_end ] --END-- [ RunTime:0.001186s ]

[ 2014-02-27T20:33:16+08:00 ] 127.0.0.1 /collegepy/index.php/Home/Index/activity
INFO: [ app_init ] --START--
INFO: Run Behavior\BuildLiteBehavior [ RunTime:0.000030s ]
INFO: [ app_init ] --END-- [ RunTime:0.000487s ]
INFO: [ app_begin ] --START--
INFO: Run Behavior\ReadHtmlCacheBehavior [ RunTime:0.000716s ]
INFO: [ app_begin ] --END-- [ RunTime:0.000842s ]
NOTIC: [8] Undefined index: type D:\Application\wamp\www\collegepy\Application\Home\Controller\IndexController.class.php 第 32 行.
SQL: SHOW COLUMNS FROM `activity_info` [ RunTime:0.009112s ]
SQL: SELECT * FROM `activity_info` WHERE ( id<2 )  [ RunTime:0.002611s ]
INFO: [ app_end ] --START--
INFO: Run Behavior\ShowPageTraceBehavior [ RunTime:0.000784s ]
INFO: [ app_end ] --END-- [ RunTime:0.000898s ]

[ 2014-02-27T20:33:30+08:00 ] 127.0.0.1 /collegepy/index.php/Home/Index/activity
INFO: [ app_init ] --START--
INFO: Run Behavior\BuildLiteBehavior [ RunTime:0.000032s ]
INFO: [ app_init ] --END-- [ RunTime:0.000464s ]
INFO: [ app_begin ] --START--
INFO: Run Behavior\ReadHtmlCacheBehavior [ RunTime:0.000649s ]
INFO: [ app_begin ] --END-- [ RunTime:0.000774s ]
NOTIC: [8] Undefined index: type D:\Application\wamp\www\collegepy\Application\Home\Controller\IndexController.class.php 第 32 行.
SQL: SHOW COLUMNS FROM `activity_info` [ RunTime:0.003273s ]
SQL: SELECT * FROM `activity_info` WHERE ( id<2 )  [ RunTime:0.001432s ]
INFO: [ app_end ] --START--
INFO: Run Behavior\ShowPageTraceBehavior [ RunTime:0.000910s ]
INFO: [ app_end ] --END-- [ RunTime:0.001042s ]

[ 2014-02-27T20:43:53+08:00 ] 127.0.0.1 /collegepy/index.php/Home/Index/activity
INFO: [ app_init ] --START--
INFO: Run Behavior\BuildLiteBehavior [ RunTime:0.000044s ]
INFO: [ app_init ] --END-- [ RunTime:0.000808s ]
INFO: [ app_begin ] --START--
INFO: Run Behavior\ReadHtmlCacheBehavior [ RunTime:0.001194s ]
INFO: [ app_begin ] --END-- [ RunTime:0.001399s ]
NOTIC: [8] Undefined index: type D:\Application\wamp\www\collegepy\Application\Home\Controller\IndexController.class.php 第 32 行.
SQL: SHOW COLUMNS FROM `activity_info` [ RunTime:0.004769s ]
SQL: SELECT * FROM `activity_info` WHERE ( id<2 )  [ RunTime:0.001738s ]
INFO: [ app_end ] --START--
INFO: Run Behavior\ShowPageTraceBehavior [ RunTime:0.001278s ]
INFO: [ app_end ] --END-- [ RunTime:0.001495s ]

[ 2014-02-27T20:43:58+08:00 ] 127.0.0.1 /collegepy/index.php/Home/Index/activity
INFO: [ app_init ] --START--
INFO: Run Behavior\BuildLiteBehavior [ RunTime:0.000032s ]
INFO: [ app_init ] --END-- [ RunTime:0.000509s ]
INFO: [ app_begin ] --START--
INFO: Run Behavior\ReadHtmlCacheBehavior [ RunTime:0.000640s ]
INFO: [ app_begin ] --END-- [ RunTime:0.000767s ]
NOTIC: [8] Undefined index: type D:\Application\wamp\www\collegepy\Application\Home\Controller\IndexController.class.php 第 32 行.
SQL: SHOW COLUMNS FROM `activity_info` [ RunTime:0.006564s ]
SQL: SELECT * FROM `activity_info` WHERE ( id<2 )  [ RunTime:0.003689s ]
INFO: [ app_end ] --START--
INFO: Run Behavior\ShowPageTraceBehavior [ RunTime:0.001188s ]
INFO: [ app_end ] --END-- [ RunTime:0.001397s ]

[ 2014-02-27T20:44:03+08:00 ] 127.0.0.1 /collegepy/index.php/Home/Index/activity
INFO: [ app_init ] --START--
INFO: Run Behavior\BuildLiteBehavior [ RunTime:0.000034s ]
INFO: [ app_init ] --END-- [ RunTime:0.000514s ]
INFO: [ app_begin ] --START--
INFO: Run Behavior\ReadHtmlCacheBehavior [ RunTime:0.000617s ]
INFO: [ app_begin ] --END-- [ RunTime:0.000741s ]
NOTIC: [8] Undefined index: type D:\Application\wamp\www\collegepy\Application\Home\Controller\IndexController.class.php 第 32 行.
SQL: SHOW COLUMNS FROM `activity_info` [ RunTime:0.004833s ]
SQL: SELECT * FROM `activity_info` WHERE ( id<2 )  [ RunTime:0.001134s ]
INFO: [ app_end ] --START--
INFO: Run Behavior\ShowPageTraceBehavior [ RunTime:0.001108s ]
INFO: [ app_end ] --END-- [ RunTime:0.001294s ]

[ 2014-02-27T20:44:46+08:00 ] 127.0.0.1 /collegepy/index.php/Home/Index/activity
INFO: [ app_init ] --START--
INFO: Run Behavior\BuildLiteBehavior [ RunTime:0.000033s ]
INFO: [ app_init ] --END-- [ RunTime:0.000774s ]
INFO: [ app_begin ] --START--
INFO: Run Behavior\ReadHtmlCacheBehavior [ RunTime:0.000912s ]
INFO: [ app_begin ] --END-- [ RunTime:0.001112s ]
NOTIC: [8] Undefined index: type D:\Application\wamp\www\collegepy\Application\Home\Controller\IndexController.class.php 第 32 行.
SQL: SHOW COLUMNS FROM `activity_info` [ RunTime:0.004094s ]
SQL: SELECT * FROM `activity_info` WHERE ( id<2 )  [ RunTime:0.001032s ]

[ 2014-02-27T20:44:49+08:00 ] 127.0.0.1 /collegepy/index.php/Home/Index/activity
INFO: [ app_init ] --START--
INFO: Run Behavior\BuildLiteBehavior [ RunTime:0.000029s ]
INFO: [ app_init ] --END-- [ RunTime:0.000463s ]
INFO: [ app_begin ] --START--
INFO: Run Behavior\ReadHtmlCacheBehavior [ RunTime:0.000569s ]
INFO: [ app_begin ] --END-- [ RunTime:0.000697s ]
NOTIC: [8] Undefined index: type D:\Application\wamp\www\collegepy\Application\Home\Controller\IndexController.class.php 第 32 行.
SQL: SHOW COLUMNS FROM `activity_info` [ RunTime:0.003387s ]
SQL: SELECT * FROM `activity_info` WHERE ( id<2 )  [ RunTime:0.001996s ]

[ 2014-02-27T20:45:01+08:00 ] 127.0.0.1 /collegepy/index.php/Home/Index/activity
INFO: [ app_init ] --START--
INFO: Run Behavior\BuildLiteBehavior [ RunTime:0.000043s ]
INFO: [ app_init ] --END-- [ RunTime:0.000671s ]
INFO: [ app_begin ] --START--
INFO: Run Behavior\ReadHtmlCacheBehavior [ RunTime:0.000941s ]
INFO: [ app_begin ] --END-- [ RunTime:0.001135s ]
NOTIC: [8] Undefined index: type D:\Application\wamp\www\collegepy\Application\Home\Controller\IndexController.class.php 第 32 行.
SQL: SHOW COLUMNS FROM `activity_info` [ RunTime:0.006578s ]
SQL: SELECT * FROM `activity_info` WHERE ( id<2 )  [ RunTime:0.002842s ]

[ 2014-02-27T20:45:27+08:00 ] 127.0.0.1 /collegepy/index.php/Home/Index/activity
INFO: [ app_init ] --START--
INFO: Run Behavior\BuildLiteBehavior [ RunTime:0.000036s ]
INFO: [ app_init ] --END-- [ RunTime:0.000481s ]
INFO: [ app_begin ] --START--
INFO: Run Behavior\ReadHtmlCacheBehavior [ RunTime:0.000632s ]
INFO: [ app_begin ] --END-- [ RunTime:0.000743s ]
NOTIC: [8] Undefined index: type D:\Application\wamp\www\collegepy\Application\Home\Controller\IndexController.class.php 第 32 行.
SQL: SHOW COLUMNS FROM `activity_info` [ RunTime:0.002616s ]
SQL: SELECT * FROM `activity_info` WHERE ( id<2 )  [ RunTime:0.002734s ]

[ 2014-02-27T20:48:32+08:00 ] 127.0.0.1 /collegepy/index.php/Home/Index/activity
INFO: [ app_init ] --START--
INFO: Run Behavior\BuildLiteBehavior [ RunTime:0.000032s ]
INFO: [ app_init ] --END-- [ RunTime:0.000587s ]
INFO: [ app_begin ] --START--
INFO: Run Behavior\ReadHtmlCacheBehavior [ RunTime:0.001194s ]
INFO: [ app_begin ] --END-- [ RunTime:0.001842s ]
NOTIC: [8] Undefined index: type D:\Application\wamp\www\collegepy\Application\Home\Controller\IndexController.class.php 第 32 行.
SQL: SHOW COLUMNS FROM `activity_info` [ RunTime:0.004489s ]
SQL: SELECT * FROM `activity_info` WHERE ( id<2 )  [ RunTime:0.002344s ]
INFO: [ view_parse ] --START--
INFO: [ template_filter ] --START--
INFO: Run Behavior\ContentReplaceBehavior [ RunTime:0.000078s ]
INFO: [ template_filter ] --END-- [ RunTime:0.000200s ]
INFO: Run Behavior\ParseTemplateBehavior [ RunTime:0.181788s ]
INFO: [ view_parse ] --END-- [ RunTime:0.181920s ]
INFO: [ view_filter ] --START--
INFO: Run Behavior\WriteHtmlCacheBehavior [ RunTime:0.049542s ]
INFO: [ view_filter ] --END-- [ RunTime:0.049674s ]
INFO: [ app_end ] --START--
INFO: Run Behavior\ShowPageTraceBehavior [ RunTime:0.000969s ]
INFO: [ app_end ] --END-- [ RunTime:0.001079s ]

[ 2014-02-27T20:48:45+08:00 ] 127.0.0.1 /collegepy/index.php/Home/Index/activity
INFO: [ app_init ] --START--
INFO: Run Behavior\BuildLiteBehavior [ RunTime:0.000033s ]
INFO: [ app_init ] --END-- [ RunTime:0.000551s ]
INFO: [ app_begin ] --START--
INFO: Run Behavior\ReadHtmlCacheBehavior [ RunTime:0.000610s ]
INFO: [ app_begin ] --END-- [ RunTime:0.000733s ]
NOTIC: [8] Undefined index: type D:\Application\wamp\www\collegepy\Application\Home\Controller\IndexController.class.php 第 32 行.
SQL: SHOW COLUMNS FROM `activity_info` [ RunTime:0.005085s ]
SQL: SELECT * FROM `activity_info` WHERE ( id<2 )  [ RunTime:0.000827s ]
INFO: [ view_parse ] --START--
INFO: [ template_filter ] --START--
INFO: Run Behavior\ContentReplaceBehavior [ RunTime:0.000118s ]
INFO: [ template_filter ] --END-- [ RunTime:0.000312s ]
INFO: Run Behavior\ParseTemplateBehavior [ RunTime:0.012093s ]
INFO: [ view_parse ] --END-- [ RunTime:0.012323s ]
INFO: [ view_filter ] --START--
INFO: Run Behavior\WriteHtmlCacheBehavior [ RunTime:0.000760s ]
INFO: [ view_filter ] --END-- [ RunTime:0.000918s ]
INFO: [ app_end ] --START--
INFO: Run Behavior\ShowPageTraceBehavior [ RunTime:0.001093s ]
INFO: [ app_end ] --END-- [ RunTime:0.001264s ]

[ 2014-02-27T20:48:54+08:00 ] 127.0.0.1 /collegepy/index.php/Home/Index/activity
INFO: [ app_init ] --START--
INFO: Run Behavior\BuildLiteBehavior [ RunTime:0.000050s ]
INFO: [ app_init ] --END-- [ RunTime:0.000479s ]
INFO: [ app_begin ] --START--
INFO: Run Behavior\ReadHtmlCacheBehavior [ RunTime:0.000628s ]
INFO: [ app_begin ] --END-- [ RunTime:0.000755s ]
NOTIC: [8] Undefined index: type D:\Application\wamp\www\collegepy\Application\Home\Controller\IndexController.class.php 第 32 行.
SQL: SHOW COLUMNS FROM `activity_info` [ RunTime:0.003639s ]
SQL: SELECT * FROM `activity_info` WHERE ( id<2 )  [ RunTime:0.002254s ]
INFO: [ view_parse ] --START--
INFO: [ template_filter ] --START--
INFO: Run Behavior\ContentReplaceBehavior [ RunTime:0.000096s ]
INFO: [ template_filter ] --END-- [ RunTime:0.000299s ]
INFO: Run Behavior\ParseTemplateBehavior [ RunTime:0.008076s ]
INFO: [ view_parse ] --END-- [ RunTime:0.008204s ]
INFO: [ view_filter ] --START--
INFO: Run Behavior\WriteHtmlCacheBehavior [ RunTime:0.000728s ]
INFO: [ view_filter ] --END-- [ RunTime:0.000844s ]
INFO: [ app_end ] --START--
INFO: Run Behavior\ShowPageTraceBehavior [ RunTime:0.000730s ]
INFO: [ app_end ] --END-- [ RunTime:0.000838s ]

[ 2014-02-27T21:06:47+08:00 ] 127.0.0.1 /collegepy/index.php/Home/Index/activity
INFO: [ app_init ] --START--
INFO: Run Behavior\BuildLiteBehavior [ RunTime:0.000066s ]
INFO: [ app_init ] --END-- [ RunTime:0.000941s ]
INFO: [ app_begin ] --START--
INFO: Run Behavior\ReadHtmlCacheBehavior [ RunTime:0.000822s ]
INFO: [ app_begin ] --END-- [ RunTime:0.000982s ]
NOTIC: [8] Undefined index: type D:\Application\wamp\www\collegepy\Application\Home\Controller\IndexController.class.php 第 32 行.
SQL: SHOW COLUMNS FROM `activity_info` [ RunTime:0.003847s ]
SQL: SELECT * FROM `activity_info` WHERE ( id<2 )  [ RunTime:0.002714s ]
INFO: [ view_parse ] --START--
INFO: [ template_filter ] --START--
INFO: Run Behavior\ContentReplaceBehavior [ RunTime:0.000104s ]
INFO: [ template_filter ] --END-- [ RunTime:0.000227s ]
INFO: Run Behavior\ParseTemplateBehavior [ RunTime:0.008515s ]
INFO: [ view_parse ] --END-- [ RunTime:0.008634s ]
INFO: [ view_filter ] --START--
INFO: Run Behavior\WriteHtmlCacheBehavior [ RunTime:0.000496s ]
INFO: [ view_filter ] --END-- [ RunTime:0.000589s ]
INFO: [ app_end ] --START--
INFO: Run Behavior\ShowPageTraceBehavior [ RunTime:0.000769s ]
INFO: [ app_end ] --END-- [ RunTime:0.000889s ]

[ 2014-02-27T21:09:54+08:00 ] 127.0.0.1 /collegepy/index.php/Home/Index/activity
INFO: [ app_init ] --START--
INFO: Run Behavior\BuildLiteBehavior [ RunTime:0.000038s ]
INFO: [ app_init ] --END-- [ RunTime:0.000602s ]
INFO: [ app_begin ] --START--
INFO: Run Behavior\ReadHtmlCacheBehavior [ RunTime:0.000974s ]
INFO: [ app_begin ] --END-- [ RunTime:0.001173s ]
NOTIC: [8] Undefined index: type D:\Application\wamp\www\collegepy\Application\Home\Controller\IndexController.class.php 第 32 行.
SQL: SHOW COLUMNS FROM `activity_info` [ RunTime:0.005283s ]
SQL: SELECT * FROM `activity_info` WHERE ( id<2 )  [ RunTime:0.002759s ]
INFO: [ view_parse ] --START--
INFO: [ template_filter ] --START--
INFO: Run Behavior\ContentReplaceBehavior [ RunTime:0.000374s ]
INFO: [ template_filter ] --END-- [ RunTime:0.000575s ]
INFO: Run Behavior\ParseTemplateBehavior [ RunTime:0.012334s ]
INFO: [ view_parse ] --END-- [ RunTime:0.012484s ]
INFO: [ view_filter ] --START--
INFO: Run Behavior\WriteHtmlCacheBehavior [ RunTime:0.000540s ]
INFO: [ view_filter ] --END-- [ RunTime:0.000636s ]
INFO: [ app_end ] --START--
INFO: Run Behavior\ShowPageTraceBehavior [ RunTime:0.000800s ]
INFO: [ app_end ] --END-- [ RunTime:0.000903s ]

